[   0.0000Initialiincgup ssycpset  0.0000 Itializig ro subs u
[   0000] Itiizng coususys cpcc
[    0000 Lin vsin 4.0--gneric uid@lcy033(gc versn 4.0 20609 bunt5.4.0-6butu1~.04)) #10-un SMP T S 1 17::1UT 201(Unt 4.4.0-.1-gneric 4.)
[  00000] Coanlie:BO_IGE=/bo/vinz-4.97ener rt=ABELloim-rootfroonoltt csole=tS0[   .00000 KNEsuortecp:
[  .000] Inl enuinete
[  .000]  MDAuenicD   0000] Cenurenauau
   0.000 x6/fp xat_offet]:576,ste_izes]:25
[   .0000] x/f: Suppti XVE featu 01: '7 oaing inreisters
[  0.0000x8/fpu: ppting XVEeaure x0 'E egists'[   .000] x86/puSuortingSA fatur 04:AVX regsts'
[  0.000] x86/fpu:naed xstat ftus 0x, ntt sizes 2 ytes ungstndar fma.
[   .0000] x/f: sing 'zyFPU coexswtche
   0000000e8: IOS-prid physica R m:
[   0000] BIOS-e20[m 0x000000000-000000009ff usable[  0.00000] OSe820[m 000000009c00-00000000ff rserv
  0.0000BIS-e8: em0x000000f0000-00000000fffff] reserved
[    0.000000] BIOS-e820: [mem 0x0000000000100000-0x000000003ffeffff] usable
[    0.000000] BIOS-e820: [mem 0x000000003fff0000-0x000000003fffffff] ACPI data
[    0.000000] BIOS-e820: [mem 0x00000000fffc0000-0x00000000ffffffff] reserved
[    0.000000] NX (Execute Disable) protection: active
[    0.000000] SMBIOS 2.5 present.
[    0.000000] Hypervisor detected: KVM
[    0.000000] e820: last_pfn = 0x3fff0 max_arch_pfn = 0x400000000
[    0.000000] MTRR: Disabled
[    0.000000] x86/PAT: MTRRs disabled, skipping PAT initialization too.
[    0.000000] CPU MTRRs all blank - virtualized system.
[    0.000000] x86/PAT: Configuration [0-7]: WB  WT  UC- UC  WB  WT  UC- UC  
[    0.000000] found SMP MP-table at [mem 0x0009fff0-0x0009ffff] mapped at [ffff88000009fff0]
[    0.000000] Scanning 1 areas for low memory corruption
[    0.000000] RAMDISK: [mem 0x36adc000-0x37565fff]
[    0.000000] ACPI: Early table checksum verification disabled
[    0.000000] ACPI: RSDP 0x00000000000E0000 000024 (v02 VBOX  )
[    0.000000] ACPI: XSDT 0x000000003FFF0030 00003C (v01 VBOX   VBOXXSDT 00000001 ASL  00000061)
[    0.000000] ACPI: FACP 0x000000003FFF00F0 0000F4 (v04 VBOX   VBOXFACP 00000001 ASL  00000061)
[    0.000000] ACPI: DSDT 0x000000003FFF0470 002118 (v01 VBOX   VBOXBIOS 00000002 INTL 20160108)
[    0.000000] ACPI: FACS 0x000000003FFF0200 000040
[    0.000000] ACPI: FACS 0x000000003FFF0200 000040
[    0.000000] ACPI: APIC 0x000000003FFF0240 00005C (v02 VBOX   VBOXAPIC 00000001 ASL  00000061)
[    0.000000] ACPI: SSDT 0x000000003FFF02A0 0001CC (v01 VBOX   VBOXCPUT 00000002 INTL 20160108)
[    0.000000] No NUMA configuration found
[    0.000000] Faking a node at [mem 0x0000000000000000-0x000000003ffeffff]
[    0.000000] NODE_DATA(0) allocated [mem 0x3ffeb000-0x3ffeffff]
[    0.000000] kvm-clock: Using msrs 4b564d01 and 4b564d00
[    0.000000] kvm-clock: cpu 0, msr 0:3ffe3001, primary cpu clock
[    0.000000] kvm-clock: using sched offset of 2914705073 cycles
[    0.000000] clocksource: kvclck: sk0xffffffffff max_cycle: 1c2e4db,axidles:81905983s
[  00000]Zoe raes:  0.00000]   D    mem 00000000000x0000000fff]
[   0000] DM2   [m 00000000100-000000003efff
[   .0000]  orl  empty
[  .00000  vice  pt
[    0000 Movab ze starfo eac node   0.000 Erly meryode ng
    0.00]   no  : mem 0x00000010-000000000efff]  0.0000  ode   0: [me 00000001000x00000ffff]  0.00000] Initmem setup node 0 [mem 0x0000000000001000-0x000000003ffeffff]
[    0.000000] ACPI: PM-Timer IO Port: 0x4008
[    0.000000] IOAPIC[0]: apic_id 2, version 17, address 0xfec00000, GSI 0-23
[    0.000000] ACPI: INT_SRC_OVR (bus 0 bus_irq 0 global_irq 2 dfl dfl)
[    0.000000] ACPI: INT_SRC_OVR (bus 0 bus_irq 9 global_irq 9 high level)
[    0.000000] Using ACPI (MADT) for SMP configuration information
[    0.000000] smpboot: Allowing 2 CPUs, 0 hotplug CPUs
[    0.000000] PM: Registered nosave memory: [mem 0x00000000-0x00000fff]
[    0.000000] PM: Registered nosave memory: [mem 0x0009f000-0x0009ffff]
[    0.000000] PM: Registered nosave memory: [mem 0x000a0000-0x000effff]
[    0.000000] PM: Registered nosave memory: [mem 0x000f0000-0x000fffff]
[    0.000000] e820: [mem0x40000-0ffff] availab f PCI dic
   0.0000 Btingpaviualizekeelon K
  0.0000clcksocereined-jfi: ask:xfffff maxycs:0xffff, ax_ie_: 645519600118 
[    0000]sep_rc: NR_CS:2 r_cpmask_bits:12nr_c_i:2nr_nod_i:1
[  0.000] PERCU:mbded  pespu @ff80fc000 838 r812 27 u1057
[  0.0000PVqspiochah blenies: 2 (de:  46 ytes)
[   0.00] But zoelis iNoe orermolityroin on. Tot pges: 291
[    0000 Policzo: MA32
[  00000]erl omma le:BOOT_IGEbot/vmnu4..097enicrootAB=coudimgoos ro cso=ty1 conletyS0
  0.0000] D sh tab eris: 409(oer 3, 768 byes)
[    0.00000] moy:007210480Kvalabl(80Kkern ce,1294K da, 984K rat 1492Kni 116K bs 448K rervd,K cmrervd)
[  00000] SL: alig64Orer=0-3,Mibjts=0, Cs= Nde1   0.0000]HierarchicalRCimlemeatn.
[  0.000] 	iltie adstntof lafanutto 64.[   .0000]RC restrti CPUfr N_CPU51tonr_cpuds.
[  0000] U:djstingeety for rcu_fanout_leaf=64, nr_cpu_ids=2
[    0.000000] NR_IRQS:33024 nr_irqs:440 16
[    0.000000] Console: colour VGA+ 80x25
[    0.000000] console [tty1] enabled
[    0.000000] console [ttyS0] enabled
[    0.000000] tsc: Detected 3392.144 MHz processor
[   12.920032] Calibrating delay loop (skipped) preset value.. 6784.28 BogoMIPS (lpj=13568576)
[   12.921137] pid_max: default: 32768 minimum: 301
[   12.921737] ACPI: Core revision 20150930
[   12.923013] ACPI: 2 ACPI AML tables successfully acquired and loaded
[   12.923891] Security Framework initialized
[   12.924446] Yama: becoming mindful.
[   12.924943] AppArmor: AppArmor initialized
[   12.925561] Dentry cache hash table entries: 131072 (order: 8, 1048576 bytes)
[   12.926494] Inode-cache hash table entries: 65536 (order: 7, 524288 bytes)
[  1.9701] Mount-cache hash table entries: 2048 (order: 2, 16384 bytes)
[   13.123324] Mountpoint-cache hash table entries: 2048 (order: 2, 16384 bytes)
[   13.302909] Initializing cgroup subsys io
[   13.406814] Initializing cgroup subsys memory
[   13.517684] Initializing cgroup subsys devices
[   13.647369] Initializing cgroup subsys freezer
[   13.779346] Initializing cgroup subsys net_cls
[   13.908813] Initializing cgroup subsys perf_event
[   14.004579] Initializing cgroup subsys net_prio
[   14.139121] Initializing cgroup subsys hugetlb
[   14.272267] Initializing cgroup subsys pids
[   14.387544] CPU: Physical Processor ID: 0
[   14.491951] CPU: Processor Core ID: 0
[   14.601626] mce: CPU supports 0 MCE banks
[   14.723252] Last level iTLB entries: 4KB 1024, 2MB 1024, 4MB 1024
[   14.882125] Last level dTLB entries: 4KB 1024, 2MB 1024, 4MB 1024, 1GB 4
[   15.008009] Freeing SMP alternatives memory: 32K
[   15.015495] ftrace: allocating 32148 entries in 126 pages
[   15.066809] smpboot: APIC(0) Converting physical 0 to logical package 0
[   15.073005] smpboot: Max logical packages: 1
[   15.077743] ..TIMER: vector=0x30 apic1=0 pin1=2 apic2=-1 pin2=-1
[   15.191683] smpboot: CPU0: Intel(R) Xeon(R) CPU E3-1245 v3 @ 3.40GHz (family: 0x6, model: 0x3c, stepping: 0x3)
[   15.216897] Performance Events: unsupported p6 CPU model 60 no PMU driver, software events only.
[   15.218381] KVM setup paravirtual spinlock
[   15.219631] x86: Booting SMP configuration:
[   15.221479] .... node  #0, CPUs:      #1
[   15.222243] kvm-clock: cpu 1, msr 0:3ffe3041, secondary cpu clock
[   15.229091] mce: CPU supports 0 MCE banks
[   15.250122] x86: Booted up 1 node, 2 CPUs
[   15.273092] smpboot: Total of 2 processors activated (13568.57 BogoMIPS)
[   15.280785] devtmpfs: initialized
[   15.284083] evm: security.selinux
[   15.285880] evm: security.SMACK64
[   15.286469] evm: security.SMACK64EXEC
[   15.287098] evm: security.SMACK64TRANSMUTE
[   15.287767] evm: security.SMACK64MMAP
[   15.288388] evm: security.ima
[   15.288926] evm: security.capability
[   15.289735] clocksource: jiffies: mask: 0xffffffff max_cycles: 0xffffffff, max_idle_ns: 7645041785100000 ns
[   15.306649] futex hash table entries: 512 (order: 3, 32768 bytes)
[   15.311010] pinctrl core: initialized pinctrl subsystem
[   15.314829] RTC time: 13:50:59, date: 10/17/17
[   15.317100] NET: Registered protocol family 16
[   15.351801] cpuidle: using governor ladder
[   15.419140] cpuidle: using governor menu
[   15.535192] PCCT header not found.
[   15.637059] ACPI: bus type PCI registered
[   15.751284] acpiphp: ACPI Hot Plug PCI Controller Driver version: 0.5
[   15.934295] PCI: Using configuration type 1 for base access
[   16.080185] ACPI: Added _OSI(Module Device)
[   16.198852] ACPI: Added _OSI(Processor Device)
[   16.327779] ACPI: Added _OSI(3.0 _SCP Extensions)
[   16.464985] ACPI: Added _OSI(Processor Aggregator Device)
[   16.627671] ACPI: Executed 1 blocks of module-level executable AML code
[   16.825197] ACPI: Interpreter enabled
[   16.927751] ACPI: (supports S0 S5)
[   17.012394] ACPI: Using IOAPIC for interrupt routing
[   17.106879] PCI: Using host bridge windows from ACPI; if necessary, use "pci=nocrs" and report a bug
[   17.111885] ACPI: PCI Root Bridge [PCI0] (domain 0000 [bus 00-ff])
[   17.266901] acpi PNP0A03:00: _OSC: OS supports [ASPM ClockPM Segments MSI]
[   17.472739] acpi PNP0A03:00: _OSC failed (AE_NOT_FOUND); disabling ASPM
[   17.667881] acpi PNP0A03:00: fail to add MMCONFIG information, can't access extended PCI configuration space under this bridge.
[   18.013452] PCI host bridge to bus 0000:00
[   18.119567] pci_bus 0000:00: root bus resource [io  0x0000-0x0cf7 window]
[   18.296178] pci_bus 0000:00: root bus resource [io  0x0d00-0xffff window]
[   18.486377] pci_bus 0000:00: root bus resource [mem 0x000a0000-0x000bffff window]
[   18.708066] pci_bus 0000:00: root bus resource [mem 0x40000000-0xffdfffff window]
[   18.932085] pci_bus 0000:00: root bus resource [bus 00-ff]
[   19.098894] pci 0000:00:01.1: legacy IDE quirk: reg 0x10: [io  0x01f0-0x01f7]
[   19.178676] pci 0000:00:01.1: legacy IDE quirk: reg 0x14: [io  0x03f6]
[   19.342978] pci 0000:00:01.1: legacy IDE quirk: reg 0x18: [io  0x0170-0x0177]
[   19.545740] pci 0000:00:01.1: legacy IDE quirk: reg 0x1c: [io  0x0376]
[   19.751229] ACPI: PCI Interrupt Link [LNKA] (IRQs 5 9 10 11) *0, disabled.
[   19.917821] ACPI: PCI Interrupt Link [LNKB] (IRQs 5 9 10 *11)
[   20.068405] ACPI: PCI Interrupt Link [LNKC] (IRQs 5 9 *10 11)
[   20.214578] ACPI: PCI Interrupt Link [LNKD] (IRQs 5 *9 10 11)
[   20.344524] ACPI: Enabled 2 GPEs in block 00 to 07
[   20.446750] vgaarb: setting as boot device: PCI:0000:00:02.0
[   20.583073] vgaarb: device added: PCI:0000:00:02.0,decodes=io+mem,owns=io+mem,locks=none
[   20.808107] vgaarb: loaded
[   20.895349] vgaarb: bridge control possible 0000:00:02.0
[   21.049402] SCSI subsystem initialized
[   21.160518] ACPI: bus type USB registered
[   21.254562] usbcore: registered new interface driver usbfs
[   21.388288] usbcore: registered new interface driver hub
[   21.545303] usbcore: registered new device driver usb
[   21.689613] PCI: Using ACPI for IRQ routing
[   21.812429] NetLabel: Initializing
[   21.913886] NetLabel:  domain hash size = 128
[   22.040586] NetLabel:  protocols = UNLABELED CIPSOv4
[   22.181543] NetLabel:  unlabeled traffic allowed by default
[   22.317057] amd_nb: Cannot enumerate AMD northbridges
[   22.338702] clocksource: Switched to clocksource kvm-clock
[   22.344427] Appmo AArr lest Ebl
  2.02] p:nPCPin
[   23.075557] pnp: PnP ACPI: found 3 devices
[   333302386] clockoource  aciipp::mmask: 0ffffff  max_yyclss  xxffffff  aax_idee_ns:2208770122  ss
[   44.157776] NTT: Reiittrred protocol famil  
[   24.47555]]TTPP estbblishdd has  tall  nntrees: 899  (oddrr: ,,665566bbttss)
[   25009777]] TPPbbin  aahhttbbleeettries  1192 (ordrr: ,,111107  byte))
[   25.669558]TTPP  Hahh tabee  coffggurdd((esaallssee  8122bbin  1192
[   66224400]] UPPhhash aable entries: 512((rree::22, 66884 yyees)

[   26775566]]UUDP-Ltte hahh tabee ettiiss: 112 (odder: ,, 16344 bttss
[   27.466040] NET: Registered rrotocll famlly 
[   77772288]] pci00000:00000.::LLmmttnng direct PIIPPCIttaanseess

[   28.273664] pci 000000::01.0: cctivaiing IAADDMA hang workrruudd
[   28.726299  Unpakkin  nnttramfs..
[   30.328795] Freeing initrd memory: 10792K
[   30.435797] RAPL PMU detected, API unit is 2^-32 Joules, 4 fixed counters 10737418240 ms ovfl timer
[   30.696397] hw unit of domain pp0-core 2^-0 Joules
[   30.807647] hw unit of domain package 2^-0 Joules
[   30.943954] hw unit of domain dram 2^-0 Joules
[   31.066635] hw unit of domain pp1-gpu 2^-0 Joules
[   31.148030] platform rtc_cmos: registered platform RTC device (no PNP device found)
[   31.191117] Scanninfolomeryorptn er60ecds
[   31.736803] audit: initializing netlink subsys (disabled)
[   31.781654] audit: type=2000 audit(1508248257.920:1): initialized
[   31.782662] Initialise system trusted keyring
[   31.783461] HugeTLB registered 2 MB page size, pre-allocated 0 pages
[   31.785312] zbud: loaded
[   31.786422] VFS: Disk quotas dquot_6.6.0
[   31.787471] VFS: Dquot-cache hash table entries: 512 (order 0, 4096 bytes)
[   31.977190] squashfs: version 4.0 (2009/01/31) Phillip Lougher
[   32.132728] fuse init (API version 7.23)
[   32.224857] tsc: Refined TSclksrccabrio 33.8 z
[   32.759045] clocksource: tsc: mask: 0xffffffffffffffff max_cycles: 0x30ea3d96d30, max_idle_ns: 440795290571 ns
ÿ[   32.759322] Key type big_key registered
[   32.759338] Allocating IMA MOK and blcklist keyrings.
[   32.599530] Key type asymmetric regiseered
[   32.759535] Asymmetric key parser 'x509' registered
[   32.759562] Block layer SCSI geneic (bsg) driver version 0.4 loaded((ajor 249)

[   32.759591] io ccheduler noop registered
[   32.759593] io scheduler deadline registered (default)
[   32.759614] io scheduler cfq registered
[   32.759686] pci_hotplug: PCI Hot Plug PCI Core version: 0.5
[   32.759689] pciehp: PCI Express Hot Plug Controller Driver version: 0.4
[   32.759779] ACPI: AC Adapter [AC] (on-line)
[   32.759817] input: Power Button as /devices/LNXSYSTM:00/LNXPWRBN:00/input/input0
[   32.759819] ACPI: Power Button [PWRF]
[   32.759858] input: Sleep Button as /devices/LNXSYSTM:00/LNXSLPBN:00/input/input1
[   32.759859] ACPI: Sleep Button [SLPF]
[   32.759949] GHES: HEST is not enabled!
[   32.760024] Serial: 8250/16550 driver, 32 ports, IRQ sharing enabled
[   33.247862] 00:02: ttyS0 at I/O 0x3f8 (irq = 4, base_baud = 115200) is a 16550A
[   33.457943] Linux agpgart interface v0.103
[   34.171158] loop: module loaded
[   34.171525] scsi host0: ata_piix
[   34.171565] scsi host1: ata_piix
[   34.171586] ata1: PATA max UDMA/33 cmd 0x1f0 ctl 0x3f6 bmdma 0xd000 irq 14
[   34.171587] ata2: PATA max UDMA/33 cmd 0x170 ctl 0x376 bmdma 0xd008 irq 15
[   34.171640] libphy: Fixed MDIO Bus: probed
[   34.171642] tun: Universal TUN/TAP device driver, 1.6
[   34.171642] tun: (C) 1999-2004 Max Krasnyansky <maxk@qualcomm.com>
[   34.171846] PPP generic driver version 2.4.2
[   34.171896] ehci_hcd: USB 2.0 'Enhanced' Host Controller (EHCI) Driver
[   34.171899] ehci-pci: EHCI PCI platform driver
[   34.171911] ehci-platform: EHCI generic platform driver
[   34.171916] ohci_hcd: USB 1.1 'Open' Host Controller (OHCI) Driver
[   34.171920] ohci-pci: OHCI PCI platform driver
[   34.171926] ohci-platform: OHCI generic platform driver
[   34.171931] uhci_hcd: USB Universal Host Controller Interface driver
[   34.171972] i8042: PNP: PS/2 Controller [PNP0303:PS2K,PNP0f03:PS2M] at 0x60,0x64 irq 1,12
[   34.312972] serio: i8042 KBD port at 0x60,0x64 irq 1
[   34.312977] serio: i8042 AUX port at 0x60,0x64 irq 12
[   34.313089] mousedev: PS/2 mouse device common for all mice
[   34.313346] rtc_cmos rtc_cmos: rtc core: registered rtc_cmos as rtc0
[   34.313387] rtc_cmos rtc_cmos: alarms up to one day, 114 bytes nvram
[   34.313391] i2c /dev entries driver
[   34.313437] device-mapper: uevent: version 1.0.3
[   34.313476] device-mapper: ioctl: 4.34.0-ioctl (2015-10-28) initialised: dm-devel@redhat.com
[   34.313489] ledtrig-cpu: registered to indicate activity on CPUs
[   34.313692] NET: Registered protocol family 10
[   34.313804] NET: Registered protocol family 17
[   34.313810] Key type dns_resolver registered
[   34.905510] microcode: CPU0 sig=0x306c3, pf=0x40, revision=0x0
[   34.905599] microcode: CPU1 sig=0x306c3, pf=0x40, revision=0x0
[   34.905661] microcode: Microcode Update Driver: v2.01 <tigran@aivazian.fsnet.co.uk>, Peter Oruba
[   34.905781] registered taskstats version 1
[   34.905795] Loading compiled-in X.509 certificates
[   34.906362] Loaded X.509 cert 'Build time autogenerated kernel key: d1010f9627fd9242df4b03365d2931dfd1ad3d42'
[   34.906386] zswap: loaded using pool lzo/zbud
[   34.907548] Key type trusted registered
[   34.909575] Key type encrypted registered
[   34.909579] AppArmor: AppArmor sha1 policy hashing enabled
[   34.909581] ima: No TPM chip found, activating TPM-bypass!
[   34.909595] evm: HMAC attrs: 0x1
[   34.909937]   Magic number: 5:468:837
[   35.221699] rtc_cmos rtc_cmos: setting system clock to 2017-10-17 13:51:18 UTC (1508248278)
[   35.221906] BIOS EDD facility v0.16 2004-Jun-25, 0 devices found
[   35.221907] EDD information not available.
[   35.948150] input: AT Translated Set 2 keyboard as /devices/platform/i8042/serio0/input/input2
[   44.225338] Freeing unused kernel memory: 1492K
[   44.330187] Write protecting the kernel read-only data: 14336k
[   44.331795] Freeing unused kernel memory: 1748K
[   44.746264] Freeing unused kernel memory: 112K
Loading, please wait...
[   44.912562] random: systemd-udevd: uninitialized urandom read (16 bytes read, 4 bits of entropy available)
starting version[   44.912918] random: udevadm: uninitialized urandom read (16 bytes read, 4 bits of entropy available)
 229
[   44.912946] random: udevadm: uninitialized urandom read (16 bytes read, 4 bits of entropy available)
[   44.913026] random: udevadm: uninitialized urandom read (16 bytes read, 4 bits of entropy available)
[   44.913055] random: udevadm: uninitialized urandom read (16 bytes read, 4 bits of entropy available)
[   44.913083] random: udevadm: uninitialized urandom read (16 bytes read, 4 bits of entropy available)
[   44.913110] random: udevadm: uninitialized urandom read (16 bytes read, 4 bits of entropy available)
[   44.913137] random: udevadm: uninitialized urandom read (16 bytes read, 4 bits of entropy available)
[   44.913163] random: udevadm: uninitialized urandom read (16 bytes read, 4 bits of entropy available)
[   44.913188] random: udevadm: uninitialized urandom read (16 bytes read, 4 bits of entropy available)
[   49.284547] e1000: Intel(R) PRO/1000 Network Driver - version 7.3.21-k8-NAPI
[   49.550597] e1000: Copyright (c) 1999-2006 Intel Corporation.
[   49.557598] Fusion MPT base driver 3.04.20
[   49.673387] Copyright (c) 1999-2008 LSI Corporation
[   49.823294] Fusion MPT SPI Host driver 3.04.20
[   49.889953] e1000 0000:00:03.0 eth0: (PCI:33MHz:32-bit) 02:14:68:3e:84:47
[   49.889957] e1000 0000:00:03.0 eth0: Intel(R) PRO/1000 Network Connection
[   50.624401] AVX version of gcm_enc/dec engaged.
[   51.066192] AES CTR mode by8 optimization enabled
[   51.077043] input: ImExPS/2 Generic Explorer Mouse as /devices/platform/i8042/serio1/input/input4
[   51.088664] e1000 0000:00:08.0 eth1: (PCI:33MHz:32-bit) 08:00:27:72:37:c9
[   51.088667] e1000 0000:00:08.0 eth1: Intel(R) PRO/1000 Network Connection
[   51.601199] mptbase: ioc0: Initiating bringup
[   51.612874] e1000 0000:00:03.0 enp0s3: renamed from eth0
[   52.363081] e1000 0000:00:08.0 enp0s8: renamed from eth1
[   52.566122] ioc0: LSI53C1030 A0: Capabilities={Initiator}
[   52.606704] floppy0: no floppy controllers found
[   53.626552] scsi host2: ioc0: LSI53C1030 A0, FwRev=00000000h, Ports=1, MaxQ=256, IRQ=20
[   54.246061] scsi 2:0:0:0: Direct-Access     VBOX     HARDDISK         1.0  PQ: 0 ANSI: 5
[   54.697766] scsi target2:0:0: Beginning Domain Validation
[   54.967912] scsi target2:0:0: Domain Validation skipping write tests
[   55.307371] scsi target2:0:0: Ending Domain Validation
[   55.791227] scsi target2:0:0: asynchronous
[   55.884748] scsi 2:0:1:0: Direct-Access     VBOX     HARDDISK         1.0  PQ: 0 ANSI: 5
[   56.113643] scsi target2:0:1: Beginning Domain Validation
[   56.397011] scsi target2:0:1: Domain Validation skipping write tests
[   56.843136] scsi target2:0:1: Ending Domain Validation
[   56.991983] scsi target2:0:1: asynchronous
[   57.001415] sd 2:0:0:0: [sda] 20971520 512-byte logical blocks: (10.7 GB/10.0 GiB)
[   57.002854] sd 2:0:0:0: Attached scsi generic sg0 type 0
[   57.043678] sd 2:0:0:0: [sda] Write Protect is off
[   57.043878] sd 2:0:1:0: Attached scsi generic sg1 type 0
[   57.044838] sd 2:0:1:0: [sdb] 20480 512-byte logical blocks: (10.5 MB/10.0 MiB)
[   57.045274] sd 2:0:1:0: [sdb] Write Protect is off
[   57.045399] sd 2:0:1:0: [sdb] Incomplete mode parameter data
[   57.045399] sd 2:0:1:0: [sdb] Assuming drive cache: write through
[   57.047602] sd 2:0:1:0: [sdb] Attached SCSI disk
[   60.077993] sd 2:0:0:0: [sda] Incomplete mode parameter data
[   60.626388] sd 2:0:0:0: [sda] Assuming drive cache: write through
[   61.175220]  sda: sda1
[   61.387148] sd 2:0:0:0: [sda] Attached SCSI disk
Begin: Loading e[   63.062027] md: linear personality registered for level -1
ssential drivers[   63.240993] md: multipath personality registered for level -4
 ... [   63.339067] md: raid0 personality registered for level 0
[   63.437569] md: raid1 personality registered for level 1
[   63.578735] raid6: sse2x1   gen() 11793 MB/s
[   63.698736] raid6: sse2x1   xor()  9100 MB/s
[   63.814733] raid6: sse2x2   gen() 14835 MB/s
[   63.938734] raid6: sse2x2   xor() 10046 MB/s
[   64.094733] raid6: sse2x4   gen() 17047 MB/s
[   64.266747] raid6: sse2x4   xor() 11767 MB/s
[   64.369418] raid6: using algorithm sse2x4 gen() 17047 MB/s
[   64.528857] raid6: .... xor() 11767 MB/s, rmw enabled
[   64.672514] raid6: using ssse3x2 recovery algorithm
[   64.809908] xor: automatically using best checksumming function:
[   65.246023]    avx       : 58072.000 MB/sec
[   65.603042] async_tx: api initialized (async)
[   65.961456] md: raid6 personality registered for level 6
[   66.226441] md: raid5 personality registered for level 5
[   66.379378] md: raid4 personality registered for level 4
[   66.560932] md: raid10 personality registered for level 10
done.
Begin: Running[   66.734185] Btrfs loaded
 /scripts/init-premount ... done[   67.005549] EXT4-fs (sda1): mounted filesystem with ordered data mode. Opts: (null)
.
Begin: Mounting root file system ... Begin: Running /scripts/local-top ... done.
Begin: Running /scripts/local-premount ... Scanning for Btrfs filesystems
done.
Warning: fsck not present, so skipping root file system
done.
Begin: Running /scripts/local-bottom ... done.
Begin: Running /scripts/init-bottom ... done.
[   671106710] syseedd11]: syseedd2299 running nnssyste  ooee  ++PA  AAUDTT++SEIIUUX IIAA++PPAARMRR++SMACK +SSSVINIT UUTM  LLBBCRYPSSTTPP +GCYYPT +NNTTLS++AC  XXZ LL44++EECCOM  +BLKDD++LLUUTILS++MMOD -IDN)
[   68.707131] systemd[1]: Detected virtualization oracle.
[   68.860185] systemd[1]: Detected architecture x86-64.

Welcome to [1mUbuntu 16.04.3 LTS[0m!

[  69.055350] systemd[1]: Set hostname to <ubuntu>.
[   69.329723] systemd[1]: Initializing machine ID from random generator.
[   69.519282] systemd[1]: Installed transient /etc/machine-id file.
[   69.780906] systemd[1]: Listening on udev Kernel Socket.
[[0;32m  OK  [0m] Listening on udev Kernel Socket.
[   70.011002] systemd[1]: Listening on udev Control Socket.
[[0;32m  OK  [0m] Listening on udev Control Socket.
[   70.395 ste[1 Racd rg Eryedoles

[[0;32m  OK  [0m] Reached target Encrypted Volumes.
[ 706328] systemd[1]: Listening on Syslog Sock.
[[0;32m  OK  [0m] Listening on Syslog Socket.
[ 71541]ysmd]:iseng  L2 tataaen ck.
[[0;32m  OK  [0m] Listening on LVM2 metadata daemon socket.
[   72.063167] systemd[1]: Created slice User and Session Slice.
[[0;32m  OK  [0m] Created slice User and Session Slice.
[   72.103063] systemd[1]: Created slice System Slice.
[[0;32m  OK  [0m] Created slice System Slice.
[   72.119105] systemd[1]: Reached target Slices.
[[0;32m  OK  [0m] Reached target Slices.
[   72.131183] systemd[1]: Set up automount Arbitrary Executable File Formats File System Automount Point.
[[0;32m  OK  [0m] Set up automount Arbitrary Executab...ats File System Automount Point.
[   72.152316] systemd[1]: Listening on Journal Socket (/dev/log).
[[0;32m  OK  [0m] Listening on Journal Socket (/dev/log).
[   72.186521] systemd[1]: Listening on Journal Socket.
[[0;32m  OK  [0m] Listening on Journal Socket.
[   72.214810] systemd[1]: Mounting Huge Pages File System...
[   72.366820] random: nonblocking pool is initialized
         Mounting Huge Pages File System...
[   72.642886] systemd[1]: Mounting POSIX Message Queue File System...
         Mounting POSIX Message Queue File System...
[   72.862921] systemd[1]: Starting Nameserver information manager...
         Starting Nameserver information manager...
[   73.079110] systemd[1]: Starting Remount Root and Kernel File Systems...
         [   73.280033] EXT4-fs (sda1): re-mounted. Opts: (null)
Starting Remount Root and Kernel File Systems...
[   73.391075] systemd[1]: Starting Uncomplicated firewall...
         Starting Uncomplicated firewall...
[   73.631070] systemd[1]: Starting Set console keymap...
         Starting Set console keymap...
[   73.702975] systemd[1]: Reached target Swap.
[[0;32m  OK  [0m] Reached target Swap.
[   73.831032] systemd[1]: Starting Create list of required static device nodes for the current kernel...
         Starting Create list of required st... nodes for the current kernel...
[  74.70] stmd[1]: Listening on LVM2 poll daemon socket.
[[0;32m  OK  [0m] Listening on LVM2 poll daemon socket.
[   74.638978] systemd[1]: Started Trigger resolvconf update for networkd DNS.
[[0;32m  OK  [0m] Started Trigger resolvconf update for networkd DNS.
[   75.075018] systemd[1]: Starting Load Kernel Modules...
         [   75.235338] Loading iSCSI transport class v2.0-870.
Starting Load Kernel Modules...
[   75.74817] systemd[1]: Mounting Debug Fiee System...
         [   75.940188] iscsi: registered transport (tcp)
Mounting Debug File System...
[   76.103892] iscsi: registered transport (iser)
[   66.24293]]sssseedd[1::RRaahhed trrget sser andGGooppNName Lokkups.
[[0;32m  OK  [0m] Reached target User and Group Name Lookups.
[   6.09] std[]: Listening on /dev/initctl Compatibility Named Pipe.
[[0;32m  OK  [0m] Listening on /dev/initctl Compatibility Named Pipe.
[ 77500]ysmd]:tated Forward Password Requests to Wall Directory Watch.
[[0;32m  OK  [0m] Started Forward Password Requests to Wall Directory Watch.
[   77.668373] systemd[: stinonoualud Socket.
[[0;32m  OK  [0m] Listening on Journal Audit Socket.
[   78.022884] systemd[1]: Starting Journal Service...
         Starting Journal Service...
[   78.182968] systemd[1]: Listening on Device-mapper event daemon FIFOs.
[[0;32m  OK  [0m] Listening on Device-mapper event daemon FIFOs.
[   78.403017] systemd[1]: Starting Monitoring of LVM2 mirrors, snapshots etc. using dmeventd or progress polling...
         Starting Monitoring of LVM2 mirrors... dmeventd or progress polling...
[   78.425334] systemd[1]: Created slice system-serial\x2dgetty.slice.
[[0;32m  OK  [0m] Created slice system-serial\x2dgetty.slice.
[   78.631479] systemd[1]: Mounted Debug File System.
[[0;32m  OK  [0m] Mounted Debug File System.
[   78.774909] systemd[1]: Mounted Huge Pages File System.
[[0;32m  OK  [0m] Mounted Huge Pages File System.
[   8.645] systemd[1]: Mounted POSIX Message Queue File System.
[[0;32m  OK  [0m] Mounted POSIX Message Queue File System.
[   79.387006] systemd[1]: Started Journal Service.
[[0;32m  OK  [0m] Started Journal Service.
[[0;32m  OK  [0m] Started Remount Root and Kernel File Systems.
[[0;32m  OK  [0m] Started Uncomplicated firewall.
[[0;32m  OK  [0m] Started Set console keymap.
[[0;32m  OK  [0m] Started Create list of required sta...ce nodes for the current kernel.
[[0;32m  OK  [0m] Started Load Kernel Modules.
[[0;32m  OK  [0m] Started Nameserver information manager.
[[0;32m  OK  [0m] Started LVM2 metadata daemon.
         Mounting FUSE Control File System...
         Starting Apply Kernel Variables...
         Starting Create Static Device Nodes in /dev...
         Starting udev Coldplug all Devices...
         Starting Initial cloud-init job (pre-networking)...
         Starting Load/Save Random Seed...
         Starting Flush Journal to Persistent Storage...
[[0;32m  OK  [0m] Mounted FUSE Control File System.
[[0;32m  OK  [0m] Started Apply Kernel Variables.
[[0;32m  OK  [0m] Started Create Static Device Nodes in /dev.
[[0;32m  OK  [0m] Started Monitoring of LVM2 mirrors,...ng dmeventd or progress polling.
[[0;32m  OK  [0m] Started Load/Save Random Seed.
[[0;32m  OK  [0m] Started udev Coldplug all Devices.
[[0;32m  OK  [0m] Started Flush Journal to Persistent Storage.
[   58.760392] cloud-init[454]: Cloud-init v. 0.7.9 running 'init-local' at Tue, 17 Oct 2017 13:52:04 +0000. Up 58.58 seconds.
         Starting udev Kernel Device Manager...
[[0;32m  OK  [0m] Started udev Kernel Device Manager.
[[0;32m  OK  [0m] Started Initial cloud-init job (pre-networking).
[[0;32m  OK  [0m] Found device /dev/ttyS0.
[[0;32m  OK  [0m] Listening on Load/Save RF Kill Switch Status /dev/rfkill Watch.
[[0;32m  OK  [0m] Reached target Network (Pre).
[[0;32m  OK  [0m] Reached target Local File Systems (Pre).
[[0;32m  OK  [0m] Reached target Local File Systems.
         Starting Commit a transient machine-id on disk...
         Starting Tell Plymouth To Write Out Runtime Data...
         Starting Set console font and keymap...
         Starting Create Volatile Files and Directories...
         Starting LSB: AppArmor initialization...
[[0;32m  OK  [0m] Started Dispatch Password Requests to Console Directory Watch.
[[0;32m  OK  [0m] Started Commit a transient machine-id on disk.
[[0;32m  OK  [0m] Started Tell Plymouth To Write Out Runtime Data.
[[0;32m  OK  [0m] Started Set console font and keymap.
[[0;32m  OK  [0m] Started Create Volatile Files and Directories.
[[0;32m  OK  [0m] Reached target System Time Synchronized.
         Starting Update UTMP about System Boot/Shutdown...
[[0;32m  OK  [0m] Created slice system-getty.slice.
[[0;32m  OK  [0m] Started Update UTMP about System Boot/Shutdown.
[[0;32m  OK  [0m] Started LSB: AppArmor initialization.
         Starting Raise network interfaces...
[[0;32m  OK  [0m] Started ifup for enp0s3.
[[0;32m  OK  [0m] Started Raise network interfaces.
[[0;32m  OK  [0m] Reached target Network.
         Starting Initial cloud-init job (metadata service crawler)...
[   62.973096] cloud-init[968]: Cloud-init v. 0.7.9 running 'init' at Tue, 17 Oct 2017 13:52:07 +0000. Up 62.54 seconds.
[   63.076478] [cloud-init[0;32m  OK  [0m[968]: ] ci-info: ++++++++++++++++++++++++++++++++++++++Net device info++++++++++++++++++++++++++++++++++++++Started Initial cloud-init job (metadata service crawler).

[   63.076712] cloud-init[968]: ci-info: +--------+-------+----------------------------+---------------+-------+-------------------+
[   63.129143] [cloud-init[0;32m  OK  [0m[968]: ] ci-info: | Device |   Up  |          Address           |      Mask     | Scope |     Hw-Address    |Reached target Cloud-config availability.

[   63.129437] [cloud-init[0;32m  OK  [0m[968]: ] ci-info: +--------+-------+----------------------------+---------------+-------+-------------------+Reached target Network is Online.

[   63.133460] cloud-init[968]: ci-info: |   lo   |  True |         127.0.0.1          |   255.0.0.0   |   .   |         .         |
[   63.260471]          cloud-initStarting iSCSI initiator daemon (iscsid)...[968]: 
ci-info: |   lo   |  True |          ::1/128           |       .       |  host |         .         |
[   63.262784] [cloud-init[0;32m  OK  [0m[968]: ] ci-info: | enp0s3 |  True |         10.0.2.15          | 255.255.255.0 |   .   | 02:14:68:3e:84:47 |Reached target System Initialization.

[   63.263077] cloud-init[968]: ci-info: | enp0s3 |  True | fe80::14:68ff:fe3e:8447/64 |       .       |  link | 02:14:68:3e:84:47 |
[   63.267338]          cloud-initStarting LXD - unix socket.[968]: 
ci-info: | enp0s8 | False |             .              |       .       |   .   | 08:00:27:72:37:c9 |
[   63.274037] [[0;32m  OK  [0m] Started Timer to automatically refresh installed snaps.
[[0;32m  OK  [0m] Listening on ACPID Listen Socket.
[[0;32m  OK  [0m] Listening on D-Bus System Message Bus Socket.
cloud-init[968]: ci-info: +--------+-------+----------------------------+---------------+-------+-------------------+
[   63.374644] [cloud-init[0;32m  OK  [0m[968]: ] ci-info: +++++++++++++++++++++++++++Route IPv4 info++++++++++++++++++++++++++++Started ACPI Events Check.

[   63.374926] [cloud-init[0;32m  OK  [0m[968]: ] ci-info: +-------+-------------+----------+---------------+-----------+-------+Reached target Paths.

[[0;32m  OK  [0m] Started Daily apt download activities.
[[0;32m  OK  [0m] Started Daily apt upgrade and clean activities.
[   63.377427] cloud-init[968]: ci-info: | Route | Destination | Gateway  |    Genmask    | Interface | Flags |
[   63.472311]          cloud-initStarting Socket activation for snappy daemon.[968]: 
ci-info: +-------+-------------+----------+---------------+-----------+-------+
[   63.652331] [cloud-init[0;32m  OK  [0m[968]: ] ci-info: |   0   |   0.0.0.0   | 10.0.2.2 |    0.0.0.0    |   enp0s3  |   UG  |Started Timer to automatically fetch and run repair assertions.

[[0;32m  OK  [0m] Listening on UUID daemon activation socket.
[[0;32m  OK  [0m] Started Daily Cleanup of Temporary Directories.
[   63.652614] cloud-init[968]: ci-info: |   1   |   10.0.2.0  | 0.0.0.0  | 255.255.255.0 |   enp0s3  |   U   |
[   64.044314] [cloud-init[0;32m  OK  [0m[968]: ] ci-info: +-------+-------------+----------+---------------+-----------+-------+Reached target Timers.

[   64.044594] cloud-init[968]: Generating public/private rsa key pair.
[   64.224285] [cloud-init[0;32m  OK  [0m[968]: ] Your identification has been saved in /etc/ssh/ssh_host_rsa_key.Listening on LXD - unix socket.

[[0;32m  OK  [0m] Listening on Socket activation for snappy daemon.
[   64.224564] cloud-init[968]: Your public key has been saved in /etc/ssh/ssh_host_rsa_key.pub.
[   64.472414] [cloud-init[0;32m  OK  [0m[968]: ] The key fingerprint is:Started iSCSI initiator daemon (iscsid).

[   64.472748] cloud-init[968]: SHA256:+JYCKqcdveuCHp2336D6IGBg9EfGQ84fpEUZuCBmivc root@ubuntu-xenial
[   64.540242] cloud-init[968]: The key's randomart image is:
[   64.576300]          cloud-initStarting Login to default iSCSI targets...[968]: 
+---[RSA 2048]----+
[   64.696358] [cloud-init[0;32m  OK  [0m[968]: ] | .  o+o=o        |Reached target Sockets.

[[0;32m  OK  [0m] Reached target Basic System.
[   64.696642] cloud-init[968]: |.+..=++.         |
[   64.824873] [cloud-init[0;32m  OK  [0m[968]: ] |*....=o.         |Started D-Bus System Message Bus.

[   64.825322] cloud-init[968]: |= . .....        |
[   64.828856] cloud-init[968]: |.o .. ..S        |
[   64.830608] cloud-init[968]: |o .oE. . .       |
[   64.832457] cloud-init[968]: |.+++....+        |
[   64.836457] cloud-init[968]: |.=+.o.ooo        |
[   64.841855] cloud-init[968]: |o..+*=.. .       |
[   64.843752]          cloud-initStarting LSB: MD monitoring daemon...[968]: 
+----[SHA256]-----+
[   64.856179] [cloud-init[0;32m  OK  [0m[968]: ] Generating public/private dsa key pair.Started Regular background program processing daemon.

[   64.856447] cloud-init[968]: Your identification has been saved in /etc/ssh/ssh_host_dsa_key.
[   64.872707] cloud-init[968]: Your public key has been saved in /etc/ssh/ssh_host_dsa_key.pub.
[   64.876807] cloud-init[968]: The key fingerprint is:
         Starting Apply the settings specified in cloud-config...
[[0;32m  OK  [0m] Started Unattended Upgrades Shutdown.
[[0;32m  OK  [0m] Started Deferred execution scheduler.
[   64.890138] cloud-init[968]: SHA256:IK5xnZ/IZaDnfpSOPF44Ptqxq3yz6r1ptyUQHyYm93w root@ubuntu-xenial
         Starting LSB: Record successful boot for GRUB...
[   65.182477] cloud-init[968]: The key's randomart image is:
[   65.272243] cloud-init[968]: +---[DSA 1024]----+
         Starting /etc/rc.local Compatibility...
[   65.318758] cloud-init[968]: |                 |
         Starting Accounts Service...
[   65.402440] cloud-init[968]: |                 |
         Starting System Logging Service...
[   65.494613] cloud-init[968]: |    o B o        |
[   65.520477] cloud-init[968]: |   . B @ .       |
[[0;32m  OK  [0m] Started FUSE filesystem for LXC.
[   65.570504] cloud-init[968]: |  . + = S.E      |
         Starting Snappy daemon...
[   65.658561] cloud-init[968]: |   + + Boo       |
[[0;32m  OK  [0m] Started ACPI event daemon.
[   65.753640] cloud-init[968]: |  .  .B+= .      |
[   65.799403] cloud-init[968]: |   . =O*+o       |
[   65.801195] cloud-init[968]: |   .*B%X..       |
[   65.809181]          cloud-initStarting Pollinate to seed the pseudo random number generator...[968]: 
+----[SHA256]-----+
[   65.879467]          cloud-initStarting Login Service...[968]: 
Generating public/private ecdsa key pair.
[   65.918107]          cloud-initStarting LXD - container startup/shutdown...[968]: 
Your identification has been saved in /etc/ssh/ssh_host_ecdsa_key.
[   65.920781] [cloud-init[0;32m  OK  [0m[968]: ] Your public key has been saved in /etc/ssh/ssh_host_ecdsa_key.pub.Started System Logging Service.

[[0;32m  OK  [0m] Started Snappy daemon.
[   65.921076] cloud-init[968]: The key fingerprint is:
[   65.925528] [cloud-init[0;32m  OK  [0m[968]: ] SHA256:XrJKxq9IRm8kSh2iSdDdQWHIa/nbVZlLhpzTJDtVU2k root@ubuntu-xenialStarted /etc/rc.local Compatibility.

[   65.925852] cloud-init[968]: The key's randomart image is:
[   65.931419] cloud-init[968]: +---[ECDSA 256]---+
[   65.933790] cloud-init[968]: |.. o +=o     .o.o|
[   65.935725] cloud-init[968]: |. . +..   . o  E |
[   65.937887] cloud-init[968]: | .. .o   . O o.  |
[   65.956602] cloud-init[968]: |.o o+.    B B    |
[   66.008215] cloud-init[968]: |o ..+.. S .* .   |
[   66.008397] cloud-init[968]: | . o =.. +. .    |
[[0;32m  OK  [0m] Started Login to default iSCSI targets.
[   66.008491] cloud-init[968]: |  . o *oo.       |
[   66.096160] cloud-init[968]: |   o =.o.        |
[   66.096324] cloud-init[968]: |    . o..        |
[[0;32m  OK  [0m] Started LSB: MD monitoring daemon.
[   66.096414] cloud-init[968]: +----[SHA256]-----+
[   66.143796] cloud-init[968]: Generating public/private ed25519 key pair.
[   66.143900] cloud-init[968]: Your identification has been saved in /etc/ssh/ssh_host_ed25519_key.
[[0;32m  OK  [0m] Started LSB: Record successful boot for GRUB.
[[0;32m  OK  [0m] Started Pollinate to seed the pseudo random number generator.
[[0;32m  OK  [0m] Started LXD - container startup/shutdown.
[   66.143992] cloud-init[968]: Your public key has been saved in /etc/ssh/ssh_host_ed25519_key.pub.
[   66.268270]          cloud-initStarting Authenticate and Authorize Users to Run Privileged Tasks...[968]: 
The key fingerprint is:
[   66.280803] [[0;32m  OK  [0m] Stopped OpenBSD Secure Shell server.
cloud-init[968]: SHA256:SQc9sUFcCnMjgng9Mi7ytViGIEvIdI84IN9WJ2vF0vc root@ubuntu-xenial
[   66.288866]          cloud-initStarting OpenBSD Secure Shell server...[968]: 
The key's randomart image is:
[   66.321212] [cloud-init[0;32m  OK  [0m[968]: ] +--[ED25519 256]--+Reached target Remote File Systems (Pre).

[   66.321541] [cloud-init[0;32m  OK  [0m[968]: ] |*. o o+oB+*o.    |Reached target Remote File Systems.

[   66.377515] cloud-init[968]: |*++.B.+*o*==     |
[   66.383098]          cloud-initStarting Permit User Sessions...[968]: 
|o=.=o+oo..+o     |
[   66.453727]          cloud-initStarting LSB: Set the CPU Frequency Scaling governor to "ondemand"...[968]: 
|o +.=. . o  E    |
[   66.551964]          cloud-initStarting LSB: VirtualBox Linux Additions...[968]: 
| o * .  S        |
[   66.556438] cloud-init[968]: |  o .            |
         Starting LSB: automatic crash report generation...
[   66.588555] cloud-init[968]: |                 |
[   66.688506]          cloud-initStarting LSB: daemon to balance interrupts for SMP systems...[968]: 
|                 |
[   66.800333]          cloud-initStarting Auto import assertions from block devices...[968]: 
|                 |
[[0;32m  OK  [0m] Started OpenBSD Secure Shell server.
[   66.923997] cloud-init[968]: +----[SHA256]-----+
[[0;32m  OK  [0m] Started Permit User Sessions.
[[0;32m  OK  [0m] Started Auto import assertions from block devices.
[[0;32m  OK  [0m] Started Login Service.
[   66.964410] cloud-init[1076]: Generating locales (this might take a while)...
[[0;32m  OK  [0m] Started Authenticate and Authorize Users to Run Privileged Tasks.
[   66.993013] cloud-init[1076]:   en_US.UTF-8... done
[   66.998203] [cloud-init[0;32m  OK  [0m[1076]: ] Generation complete.Started Accounts Service.

[[0;32m  OK  [0m] Started LSB: Set the CPU Frequency Scaling governor to "ondemand".
[[0;32m  OK  [0m] Created slice User Slice of ubuntu.
[[0;32m  OK  [0m] Started Session 1 of user ubuntu.
         Starting User Manager for UID 1000...
[   67.155056] cloud-init[1076]: Cloud-init v. 0.7.9 running 'modules:config' at Tue, 17 Oct 2017 13:52:10 +0000. Up 65.07 seconds.
         Starting Hold until boot process finishes up...
         Starting Terminate Plymouth Boot Screen...
[[0;32m  OK  [0m] Started User Manager for UID 1000.
[[0;32m  OK  [0m] Started Apply the settings specified in cloud-config.
[[0;32m  OK  [0m] Started LSB: VirtualBox Linux Additions.
[[0;32m  OK  [0m] Started LSB: automatic crash report generation.
[[0;32m  OK  [0m] Started Hold until boot process finishes up.
[[0;32m  OK  [0m] Started Terminate Plymouth Boot Screen.
[[0;32m  OK  [0m] Started LSB: daemon to balance interrupts for SMP systems.
[[0;32m  OK  [0m] Started Serial Getty on ttyS0.
         Starting Set console scheme...
[[0;32m  OK  [0m] Started Getty on tty1.
[[0;32m  OK  [0m] Reached target Login Prompts.
[[0;32m  OK  [0m] Reached target Multi-User System.
[[0;32m  OK  [0m] Reached target Graphical Interface.
         Starting Update UTMP about System Runlevel Changes...
         Starting Execute cloud user/final scripts...
[[0;32m  OK  [0m] Started Set console scheme.
[[0;32m  OK  [0m] Started Update UTMP about System Runlevel Changes.
ci-info: no authorized ssh keys fingerprints found for user ubuntu.
<14>Oct 17 13:52:13 ec2: 
<14>Oct 17 13:52:13 ec2: #############################################################
<14>Oct 17 13:52:13 ec2: -----BEGIN SSH HOST KEY FINGERPRINTS-----
<14>Oct 17 13:52:13 ec2: 1024 SHA256:IK5xnZ/IZaDnfpSOPF44Ptqxq3yz6r1ptyUQHyYm93w root@ubuntu-xenial (DSA)
<14>Oct 17 13:52:13 ec2: 256 SHA256:XrJKxq9IRm8kSh2iSdDdQWHIa/nbVZlLhpzTJDtVU2k root@ubuntu-xenial (ECDSA)
<14>Oct 17 13:52:13 ec2: 256 SHA256:SQc9sUFcCnMjgng9Mi7ytViGIEvIdI84IN9WJ2vF0vc root@ubuntu-xenial (ED25519)
<14>Oct 17 13:52:13 ec2: 2048 SHA256:+JYCKqcdveuCHp2336D6IGBg9EfGQ84fpEUZuCBmivc root@ubuntu-xenial (RSA)
<14>Oct 17 13:52:13 ec2: -----END SSH HOST KEY FINGERPRINTS-----
<14>Oct 17 13:52:13 ec2: #############################################################
-----BEGIN SSH HOST KEY KEYS-----
ecdsa-sha2-nistp256 AAAAE2VjZHNhLXNoYTItbmlzdHAyNTYAAAAIbmlzdHAyNTYAAABBBLZbZBxPoj7Mlny+xysCzfRTL/2yzNmsK1qoXcG/ZQw52EbCPaAUKmIWeAiHLIpdc1sgJkLeag96g34Q+ezZtdQ= root@ubuntu-xenial
ssh-ed25519 AAAAC3NzaC1lZDI1NTE5AAAAIEwe1pqwHq9HvVJ6PTARXSYajkt/rv0q9G2o4r+vBrLT root@ubuntu-xenial
ssh-rsa AAAAB3NzaC1yc2EAAAADAQABAAABAQD78hUQV3Q+vT16qyK9L3GAaYjqRS8tKNG6F1oPKruCPBdBspkF0ONMn4J7nhfqpInvxNd5N7NG23IfQ518TpdjAShdewTYUKoQu400H4jiieyctrdkjRxY8I/gA/Utg4WuVAcVGeN9Pov0c7zcUnO0dWM60U/R/xCTWbtLjMAETUwdN+hOxI0P1q5+UBoeGOyfhDQxuVPHSSuvtwZa4BdOiQ/5cdbSHVgTPCetMZPIiGkdm6Ia7CezOnCPC89g/cJm6QbzT2YSfvWIRfGyPg6BfpN7Eg5UPU8POfV6tLv6i33yViixGRNsFFlesiholF852hFvN84TJQ3lrJuaB3Nx root@ubuntu-xenial
-----END SSH HOST KEY KEYS-----
[   68.144678] cloud-init[1343]: Cloud-init v. 0.7.9 running 'modules:final' at Tue, 17 Oct 2017 13:52:13 +0000. Up 67.58 seconds.
[   68.152828] cloud-init[1343]: ci-info: no authorized ssh keys fingerprints found for user ubuntu.
[   68.157385] cloud-init[1343]: Cloud-init v. 0.7.9 finished at Tue, 17 Oct 2017 13:52:13 +0000. Datasource DataSourceNoCloud [seed=/dev/sdb][dsmode=net].  Up 68.13 seconds
[[0;32m  OK  [0m] Started Execute cloud user/final scripts.
[[0;32m  OK  [0m] Reached target Cloud-init target.

Ubuntu 16.04.3 LTS ubuntu-xenial ttyS0

ubuntu-xenial login: 