[   .00000] Initlingcgro ssy cpuse
[    0.0000] Iniazing cro ssys cp
  0.00000] itliing ro sbsyscpcc
[    0000]Linux rsn 4.4.97enri(bldlcy033(gc veio5..0 2609 Ubun 5.06ubuu16.4.4) )12Ubntu P e ep 1178:8 UT20 (bunt4.0-7.120-enic4.4.7)
[    000000] Coma lne: OTMAE=/bt/liuz-4.07-enericooLAELloim-roos  cnsoltt cnsole=yS
[    00000KERN spoted cpus:
[    0.000000]   Intel GenuineIntel
[    0.000000]   AMD AuthenticAMD
[    0.000000]   Centaur CentaurHauls
[    0.000000] x86/fpu: xstate_offset[2]:  576, xstate_sizes[2]:  256
[    0.000000] x86/fpu: Supporting XSA fturex0 '87 floating point registers'
[    0.000000] x86/fpu: Supporting XSAVE feature 0x02: 'SSE registers'
[    0.000000] x86/fpu: Supporting XSAVE feature 0x04: 'AVX registers'
[    0.000000] x86/fpu: Enabled xstate features 0x7, context size is 832 bytes, using 'standard' format.
[    0.000000] x86/fpu: Using 'lazy' FPU context switches.
[    0.000000] e820: BIOS-provided physical RAM map:
[    0.000000] BIOS-e820: [mem 0x0000000000000000-0x000000000009fbff] usable
[    0.000000] BIOS-e820: [mem 0x000000000009fc00-0x000000000009ffff] reserved
[    0.000000] BIOS-e820: [mem 0x00000000000f0000-0x00000000000fffff] reserved
[    0.000000] BIOS-e820: [mem 0x0000000000100000-0x000000003ffeffff] usable
[    0.000000] BIOS-e820: [mem 0x000000003fff0000-0x000000003fffffff] ACPI data
[    0.000000] BIOS-e820: [mem 0x00000000fffc0000-0x00000000ffffffff] reserved
[    0.000000] NX (Execute Disable) protection: active
[    0.000000] SMBIOS 2.5 present.
[    0.000000] Hypervisor detected: KVM
[    0.000000] e820: last_pfn = 0x3fff0 max_arch_pfn = 0x400000000
[    0.000000] MTRR: Disabled
[    0.000000] x86/PAT: MTRRs disabled, skipping PAT initialization too.
[    0.000000] CPU MTRRs all blank - virtualized system.
[    0.000000] x86/PAT: Configuration [0-7] W W  UCUCWB WT UCUC
[    0000] foun SP -tble at [me 000fff0-x09ff] mpeat[ffff88000009fff0]
[    0.000000] Scanning 1 areas for low memory corruption
[    0.000000] RAMDISK: [mem 0x36aee000-0x3756efff]
[    0.000000] ACPI: Early table checksum verification disabled
[    0.000000] ACPI: RSDP 0x00000000000E0000 000024 (v02 VBOX  )
[    0.000000] ACPI: XSDT 0x000000003FFF0030 00003C (v01 VBOX   VBOXXSDT 00000001 ASL  00000061)
[    0.000000] ACPI: FACP 0x000000003FFF00F0 0000F4 (v04 VBOX   VBOXFACP 00000001 ASL  00000061)
[    0.000000] ACPI: DSDT 0x000000003FFF0470 002118 (v01 VBOX   VBOXBIOS 00000002 INTL 20160108)
[    0.000000] ACPI: FACS 0x000000003FFF0200 000040
[    0.000000] ACPI: FACS 0x000000003FFF0200 000040
[    0.000000] ACPI: APIC 0x000000003FFF0240 00005C (v02 VBOX   VBOXAPIC 00000001 ASL  00000061)
[    0.000000] ACPI: SSDT 0x000000003FFF02A0 0001CC (v01 VBOX   VBOXCPUT 00000002 INTL 20160108)
[    0.000000] No NUMA configuration found
[    0.000000] Faking a node at [mem 0x0000000000000000-0x000000003ffeffff]
[    0.000000] NODE_DATA(0) allocated [mem 0x3ffeb000-0x3ffeffff]
[    0.000000] kvm-clock: Using msrs 4b564d01 and 4b564d00
[    0.000000] kvm-clock: cpu 0, msr 0:3ffe3001, primary cpu clock
[    0.000000] kvm-clock: using sched offset of 2896102577 cycles
[    0.000000] clocksource: kvm-clock: mask: 0xffffffffffffffff max_cycles: 0x1cd42e4dffb, max_idle_ns: 881590591483 ns
[    0.000000] Zone ranges:
[    0.000000]   DMA      [mem 0x0000000000001000-0x0000000000ffffff]
[    0.000000]   DMA32    [mem 0x0000000001000000-0x000000003ffeff]
[    0.0000  Norml emy
[   0000   Device   empty
[    0.000000] Movable zone start for each node
[    0.000000] Early memory node ranges
[    0.000000]   node   0: [mem 0x0000000000001000-0x000000000009efff]
[    0.000000]   node   0: [mem 0x0000000000100000-0x000000003ffeffff]
[    0.000000] Initmem setup node 0 [mem 0x0000000000001000-0x000000003ffeffff]
[    0.000000] ACPI: PM-Timer IO Port: 0x4008
[    0.000000] IOAPIC[0]: apic_id 2, version 17, address 0xfec00000, GSI 0-23
[    0.000000] ACPI: INT_SRC_OVR (bus 0 bus_irq 0 global_irq 2 dfl dfl)
[    0.000000] ACPI: INT_SRC_OVR (bus 0 bus_irq 9 global_irq 9 high lev)    0000 Using ACP (DTfor MPonguation nformation
[    0.000000] smpboot: Allowing 2 CPUs, 0 hotplug CPUs
[    0.000000] PM: Registered nosave memory: [mem 0x00000000-0x00000fff]
[    0.000000] PM: Registered nosave memory: [mem 0x0009f000-0x0009ffff]
[    0.000000] PM: Registered nosave memory: [mem 0x000a0000-0x000effff]
[    0.000000] PM: Registered nosave memory: [mem 0x000f0000-0x000fffff]
[    0.000000] e820: [mem 0x400000000xffbfff ailable forPCdeces[  0000000 Bti pariralzed keeln VM
[    0.0000]loksourc: efedjiffie: sk 0xffff ax_cycle: fffffff, x_lens: 7651001568s    0.000000] setup_percpu: NR_CPUS:512 nr_cpumask_bits:512 nr_cpu_ids:2 nr_node_ids:1
[    0.000000] PERCPU: Embedded 34 pages/cpu @ffff88003fc00000 s98328 r8192 d32744 u1048576
[    0.000000] PV qspinlock hash table entries: 256 (order: 0, 4096 bytes)
[    0.000000] Built 1 zonelists in Node order, mobility grouping on.  Total pages: 257913
[    0.000000] Policy zone: DMA32
[    0.000000] Kernel command line: BOOT_IMAGE=/boot/vmlnu4.0-97-ger rot=LAB=cudimg-otfs r console=tty1 console=ttyS0
[    0.000000] PID hash table entries: 4096 (order: 3, 32768 bytes)
[    0.000000] Memory: 1001808K/1048120K available (8480K kernel code, 1294K rwdata, 3984K rodata, 1492K init, 1316K bss, 46312K reserved, 0K cma-reserved)
[    0.000000] SLUB: HWalign=64, Order=0-3, MinObjects=0, CPUs=2, Nodes=1
[    0.000000] Hierarchical RCU implementation.
[    0.000000] 	Build-time adjustment of leaf fanout to 64.
[    0.000000] 	RCU restricting CPUs from NR_CPUS=512 to nr_cpu_ids=2.
[    0.000000] RCU: Adjusting geometry for rcu_fanout_leaf=64, nr_cpu_ids=2
[    0.000000] NR_IRQS:33024 nr_irqs:440 16
[    0.000000] Console: colour VGA+ 80x25
[    0.000000] console [tty1] enabled
[    0.000000] console [ttyS0] enabled
[    0.000000] tsc: Detected 3392.144 MHz processor
[    4.141654] Calibrating delay loop (skipped) preset value.. 6784.28 BogoMIPS (lpj=13568576)
[    4.142851] pid_max: default: 32768 minimum: 301
[    4.143493] ACPI: Core revision 20150930
[    4.144778] ACPI: 2 ACPI AML tables successfully acquired and loaded
[    4.146788] Security Framework initialized
[    4.147372] Yama: becoming mindful.
[    4.147908] AppArmor: AppArmor initialized
[    4.148564] Dentry cache hash table entries: 131072 (order: 8, 1048576 bytes)
[    4.149620] Inode-cache hash table entries: 65536 (order: 7, 524288 bytes)
[    4.150897] Mount-cache hash table entries: 2048 (order: 2, 16384 bytes)
[    4.154451] Mountpoint-cache hash table entries: 2048 (order: 2, 16384 bytes)
[    4.155461] Initializing cgroup subsys io
[    4.158202] Initializing cgroup subsys memory
[    4.158820] Initializing cgroup subsys devices
[    4.159442] Initializing cgroup subsys freezer
[    4.160097] Initializing cgroup subsys net_cls
[    4.160720] Initializing cgroup subsys perf_event
[    4.161387] Initializing cgroup subsys net_prio
[    4.162059] Initializing cgroup subsys hugetlb
[    4.162680] Initializing cgroup subsys pids
[    4.163336] CPU: Physical Processor ID: 0
[    4.163914] CPU: Processor Core ID: 0
[    4.178942] mce: CPU supports 0 MCE banks
[    4.179561] Last level iTLB entries: 4KB 1024, 2MB 1024, 4MB 1024
[    4.180378] Last level dTLB entries: 4KB 1024, 2MB 1024, 4MB 1024, 1GB 4
[    4.182605] Freeing SMP alternatives memory: 32K
[    4.207202] ftrace: allocating 32148 entries in 126 pages
[    4.241908] smpboot: APIC(0) Converting physical 0 to logical package 0
[    4.248113] smpboot: Max logical packages: 1
[    4.251759] ..TIMER: vector=0x30 apic1=0 pin1=2 apic2=-1 pin2=-1
[    4.366245] smpboot: CPU0: Intel(R) Xeon(R) CPU E3-1245 v3 @ 3.40GHz (family: 0x6, model: 0x3c, stepping: 0x3)
[    4.382383] Performance Events: unsupported p6 CPU model 60 no PMU driver, software events only.
[    4.383681] KVM setup paravirtual spinlock
[    4.384879] x86: Booting SMP configuration:
[    4.386861] .... node  #0, CPUs:      #1
[    4.387551] kvm-clock: cpu 1, msr 0:3ffe3041, secondary cpu clock
[    4.391534] mce: CPU supports 0 MCE banks
[    4.403053] x86: Booted up 1 node, 2 CPUs
[    4.420946] smpboot: Total of 2 processors activated (13568.57 BogoMIPS)
[    4.422228] devtmpfs: initialized
[    4.424853] evm: security.selinux
[    4.426437] evm: security.SMACK64
[    4.426945] evm: security.SMACK64EXEC
[    4.427510] evm: security.SMACK64TRANSMUTE
[    4.428093] evm: security.SMACK64MMAP
[    4.428628] evm: security.ima
[    4.429097] evm: security.capability
[    4.429874] clocksource: jiffies: mask: 0xffffffff max_cycles: 0xffffffff, max_idle_ns: 7645041785100000 ns
[    4.432542] futex hash table entries: 512 (order: 3, 32768 bytes)
[    4.433420] pinctrl core: initialized pinctrl subsystem
[    4.435346] RTC time: 10:59:03, date: 10/24/17
[    4.441560] NET: Registered protocol family 16
[    4.454035] cpuidle: using governor ladder
[    4.474263] cpuidle: using governor menu
[    4.485657] PCCT header not found.
[    4.486462] ACPI: bus type PCI registered
[    4.487192] acpiphp: ACPI Hot Plug PCI Controller Driver version: 0.5
[    4.488198] PCI: Using configuration type 1 for base access
[    4.499933] ACPI: Added _OSI(Module Device)
[    4.505885] ACPI: Added _OSI(Processor Device)
[    4.526088] ACPI: Added _OSI(3.0 _SCP Extensions)
[    4.526708] ACPI: Added _OSI(Processor Aggregator Device)
[    4.528937] ACPI: Executed 1 blocks of module-level executable AML code
[    4.531150] ACPI: Interpreter enabled
[    4.633999] ACPI: (supports S0 S5)
[    4.730380] ACPI: Using IOAPIC for interrupt routing
[    4.874781] PCI: Using host bridge windows from ACPI; if necessary, use "pci=nocrs" and report a bug
[    4.903559] ACPI: PCI Root Bridge [PCI0] (domain 0000 [bus 00-ff])
[    5.065048] acpi PNP0A03:00: _OSC: OS supports [ASPM ClockPM Segments MSI]
[    5.183977] acpi PNP0A03:00: _OSC failed (AE_NOT_FOUND); disabling ASPM
[    5.291133] acpi PNP0A03:00: fail to add MMCONFIG information, can't access extended PCI configuration space under this bridge.
[    5.538599] PCI host bridge to bus 0000:00
[    5.540257] pci_bus 0000:00: root bus resource [io  0x0000-0x0cf7 window]
[    5.543268] pci_bus 0000:00: root bus resource [io  0x0d00-0xffff window]
[    5.544183] pci_bus 0000:00: root bus resource [mem 0x000a0000-0x000bffff window]
[    5.545248] pci_bus 0000:00: root bus resource [mem 0x40000000-0xffdfffff window]
[    5.546340] pci_bus 0000:00: root bus resource [bus 00-ff]
[    5.548111] pci 0000:00:01.1: legacy IDE quirk: reg 0x10: [io  0x01f0-0x01f7]
[    5.569319] pci 0000:00:01.1: legacy IDE quirk: reg 0x14: [io  0x03f6]
[    5.570046] pci 0000:00:01.1: legacy IDE quirk: reg 0x18: [io  0x0170-0x0177]
[    5.570831] pci 0000:00:01.1: legacy IDE quirk: reg 0x1c: [io  0x0376]
[    5.591202] ACPI: PCI Interrupt Link [LNKA] (IRQs 5 9 10 11) *0, disabled.
[    5.769910] ACPI: PCI Interrupt Link [LNKB] (IRQs 5 9 10 *11)
[    5.898621] ACPI: PCI Interrupt Link [LNKC] (IRQs 5 9 *10 11)
[    6.008946] ACPI: PCI Interrupt Link [LNKD] (IRQs 5 *9 10 11)
[    6.031949] ACPI: Enabled 2 GPEs in block 00 to 07
[    6.032860] vgaarb: setting as boot device: PCI:0000:00:02.0
[    6.082942] vgaarb: device added: PCI:0000:00:02.0,decodes=io+mem,owns=io+mem,locks=none
[    6.170058] vgaarb: loaded
[    6.198001] vgaarb: bridge control possible 0000:00:02.0
[    6.242642] SCSI subsystem initialized
[    6.243281] ACPI: bus type USB registered
[    6.243846] usbcore: registered new interface driver usbfs
[    6.244521] usbcore: registered new interface driver hub
[    6.245171] usbcore: registered new device driver usb
[    6.246031] PCI: Using ACPI for IRQ routing
[    6.246779] NetLabel: Initializing
[    6.247257] NetLabel:  domain hash size = 128
[    6.247832] NetLabel:  protocols = UNLABELED CIPSOv4
[    6.248455] NetLabel:  unlabeled traffic allowed by default
[    6.249254] amd_nb: Cannot enumerate AMD northbridges
[    6.249929] clocksource: Switched to clocksource kvm-clock
[    6.255591] AppArmor: AppArmor Filesystem Enabled
  6.55] p:nPCPin
  6.00] p:nPCP fnd devices
[    71100766]ccookkoource: acpi_pm: mask: 0xffffff max_cycles: 0xffffff, max_idle_ns: 2085701024 ns
[    7.241924] NET: Registered protocol family 2
[    7.242649] TCP established hash table entries: 8192 (order: 4, 65536 bytes)
[    7.243460] TCP bind hash table entries: 8192 (order: 5, 131072 bytes)
[    7.244229] TCP: Hash tables configured (established 8192 bind 8192)
[    7.244951] UDP hash table entries: 512 (order: 2, 16384 bytes)
[    7.245621] UDP-Lite hash table entries: 512 (order: 2, 16384 bytes)
[    7.246365] NET: Registered protocol family 1
[    7.246922] pci 0000:00:00.0: Limiting direct PCI/PCI transfers
[    7.247605] pci 0000:00:01.0: Activating ISA DMA hang workarounds
[    7.248897] Unpacking initramfs...
[   88.608734] Freeing initrd memory: 10756K
[    8.661581] RAPL PMU detected, API unit is 2^-32 Joules, 4 fixed counters 10737418240 ms ovfl timer
[    8.664601] hw unit of domain pp0-core 2^-0 Joules
[    8.665283] hw unit of domain package 2^-0 Joules
[    8.665957] hw unit of domain dram 2^-0 Joules
[    8.666624] hw unit of domain pp1-gpu 2^-0 Joules
[    8.667360] platform rtc_cmos: registered platform RTC device (no PNP device found)
[    8.672040] Scanning for low memory corruption every 60 seconds
[    8.676516] audit: initializing netlink subsys (disabled)
[    8.679735] audit: type=2000 audit(1508842746.416:1): initialized
[    8.680818] Initialise system trusted keyring
[    8.683725] HugeTLB registered 2 MB page size, pre-allocated 0 pages
[    8.702530] bbud: oodded
[    8.851383] VFS: Disk quotas dquot_6.6.0
[    89951163] VFS: Dquot-cache hash table entrie:: 512 (order 0, 4096 bytes)
[    9.161366  squashss  eessoo  4.0 (2009/01/31) PhillipLLuuhher
[    9.581422] fuse intt (API version 7.23)
[    9.767390] tsc: Refined TSC clocksource calibration: 3393.977 MHz
[    9.768120] clocksource: tsc: mask: 0xffffffffffffffff max_cycles: 0x30ec15113df, max_idle_ns: 440795296000 ns
[    9.769452] Key type big_key registered
[    9.769998] Allocating IMA MOK and blacklist keyrings.
[    9.711466]KKey type asymmttiic registered
[   10.007647] Asmmmetrickkey parser 'x50'' regsseeeed
[   10.330055] Block layer SCIIggnneric (bsg) diiee  version 0.4 loaded((aajor 249)
[   10.802257] io scheduler noop registered
[   10.803406] io scheduler deadline registered (default)
[   10.87762]] io scheduler cfq registered
[   10.901115] pci_hotplug: PCI Hot Plug PCI Core version: 0.5
[   10.901799] pciehp: PCI Express Hot Plug Controller Driver version: 0.4
[   10.902715] ACPI: AC Adapter [AC] (on-line)
[   10.903290] input: Power Button as /devices/LNXSYSTM:00/LNXPWRBN:00/input/input0
[   10.906925] ACPI: Power Button [PWRF]
[   10.907460] input: Sleep Button as /devicss/LNXSYSTM:00/LNXSLPBN:00/input/ipput1
[   11224106]]AAPP::SSleppBButoon [SLPF]
[   11.498038] GHES: HEST is not enabled!
[   11.500038] Serial: 8250/16550 driver, 32 ports, IRQ sharing enabled
[   11.521985] 00:02: ttyS0 at I/O 0x3f8 (irq = 4, base_baud = 115200) is a 16550A
[   11.532366] Linux agpgart interface v0.103
[   11.537281] loop: module loaded
[   11.541515] scsi host0: ata_piix
[   11.559677] scsi host1: ata_piix
[   11.568621] ata1: PATA max UDMA/33 cmd 0x1f0 ctl 0x3f6 bmdma 0xd000 irq 14
[   11.569487] ata2: PATA max UDMA/33 cmd 0x170 ctl 0x376 bmdma 0xd008 irq 15
[   11.570807] libphy: Fixed MDIO Bus: probed
[   11.571473] tun: Universal TUN/TAP device driver, 1.6
[   11.572209] tun: (C) 1999-2004 Max Krasnyansky <maxk@qualcomm.com>
[   11.573028] PPP generic driver version 2.4.2
[   11.573673] ehci_hcd: USB 2.0 'Enhanced' Host Controller (EHCI) Driver
[   11.574567] ehci-pci: EHCI PCI platform driver
[   11.575201] ehci-platform: EHCI generic platform driver
[   11.579419] ohci_hcd: USB 1.1 'Open' Host Controller (OHCI) Driver
[   11.580254] ohci-pci: OHCI PCI platform driver
[   11.580941] ohci-platform: OHCI generic platform driver
[   11.581745] uhci_hcd: USB Universal Host Controller Interface driver
[   11.582672] i8042: PNP: PS/2 Controller [PNP0303:PS2K,PNP0f03:PS2M] at 0x60,0x64 irq 1,12
[   11.601684] serio: i8042 KBD port at 0x60,0x64 irq 1
[   11.603952] serio: i8042 AUX port at 0x60,0x64 irq 12
[   11.604745] mousedev: PS/2 mouse device common for all mice
[   11.607888] rtc_cmos rtc_cmos: rtc core: registered rtc_cmos as rtc0
[   11.610988] rtc_cmos rtc_cmos: alarms up to one day, 114 bytes nvram
[   11.615693] i2c /dev entries driver
[   11.618975] input: AT Translated Set 2 keyboard as /devices/platform/i8042/serio0/input/input2
[   11.621885] device-mapper: uevent: version 1.0.3
[   11.628357] device-mapper: ioctl: 4.34.0-ioctl (2015-10-28) initialised: dm-devel@redhat.com
[   11.641802] ledtrig-cpu: registered to indicate activity on CPUs
[   11.650850] NET: Registered protocol family 10
[   11.668553] NET: Registered protocol family 17
[   11.671092] Key type dns_resolver registered
[   11.671936] microcode: CPU0 sig=0x306c3, pf=0x40, revision=0x0
[   11.676155] microcode: CPU1 sig=0x306c3, pf=0x40, revision=0x0
[   11.676984] microcode: Microcode Update Driver: v2.01 <tigran@aivazian.fsnet.co.uk>, Peter Oruba
[   11.679948] registered taskstats version 1
[   11.682922] Loading compiled-in X.509 certificates
[   11.684153] Loaded X.509 cert 'Build time autogenerated kernel key: d1010f9627fd9242df4b03365d2931dfd1ad3d42'
[   11.687984] zswap: loaded using pool lzo/zbud
[   11.692429] Key type trusted registered
[   11.697336] Key type encrypted registered
[   11.701049] AppArmor: AppArmor sha1 policy hashing enabled
[   11.701790] ima: No TPM chip found, activating TPM-bypass!
[   11.702574] evm: HMAC attrs: 0x1
[   11.703366]   Magic number: 5:331:983
[   11.706813] rtc_cmos rtc_cmos: setting system clock to 2017-10-24 10:59:10 UTC (1508842750)
[   11.709664] BIOS EDD facility v0.16 2004-Jun-25, 0 devices found
[   11.770943] EDD information not available.
[   11.778060] Freeing unused kernel memory: 1492K
[   11.920752] Write protecting the kernel read-only data: 14336k
[   12.440857] Freeing unused kernel memory: 1748K
[   12.780019] Freeing unused kernel memory: 112K
Loading, please wait...
[   12.871700] random: systemd-udevd: uninitialized urandom read (16 bytes read, 3 bits of entropy available)
starting version 229
[   12.872030] random: udevadm: uninitialized urandom read (16 bytes read, 3 bits of entropy available)
[   12.872043] random: udevadm: uninitialized urandom read (16 bytes read, 3 bits of entropy available)
[   12.877017] random: udevadm: uninitialized urandom read (16 bytes read, 3 bits of entropy available)
[   12.877043] random: udevadm: uninitialized urandom read (16 bytes read, 3 bits of entropy available)
[   12.877120] random: udevadm: uninitialized urandom read (16 bytes read, 3 bits of entropy available)
[   12.877149] random: udevadm: uninitialized urandom read (16 bytes read, 3 bits of entropy available)
[   12.877177] random: udevadm: uninitialized urandom read (16 bytes read, 3 bits of entropy available)
[   12.877205] random: udevadm: uninitialized urandom read (16 bytes read, 3 bits of entropy available)
[   12.877233] random: udevadm: uninitialized urandom read (16 bytes read, 3 bits of entropy available)
[   13.053201] e1000: Intel(R) PRO/1000 Network Driver - version 7.3.21-k8-NAPI
[   13.091059] e1000: Copyright (c) 1999-2006 Intel Corporation.
[   13.095079] Fusion MPT base driver 3.04.20
[   13.340618] Copyright (c) 1999-2008 LSI Corporation
[   13.418334] Fusion MPT SPI Host driver 3.04.20
[   13.594126] AVX version of gcm_enc/dec engaged.
[   13.606284] AES CTR mode by8 optimization enabled
[   13.666765] input: ImExPS/2 Generic Explorer Mouse as /devices/platform/i8042/serio1/input/input4
[   14.044203] e1000 0000:00:03.0 eth0: (PCI:33MHz:32-bit) 02:9b:63:d0:80:dd
[   14.660496] e1000 0000:00:03.0 eth0: Intel(R) PRO/1000 Network Connection
[   15.064395] e1000 0000:00:08.0 eth1: (PCI:33MHz:32-bit) 08:00:27:ba:80:49
[   15.570421] e1000 0000:00:08.0 eth1: Intel(R) PRO/1000 Network Connection
[   15.862511] e1000 0000:00:08.0 enp0s8: renamed from eth1
[   15.864047] mptbase: ioc0: Initiating bringup
[   15.882351] e1000 0000:00:03.0 enp0s3: renamed from eth0
[   16.222152] ioc0: LSI53C1030 A0: [   16.417722] floppy0: no floppy controllers found

[   16.590663] Capabilities={Initiator}
[   16.781477] scsi host2: ioc0: LSI53C1030 A0, FwRev=00000000h, Ports=1, MaxQ=256, IRQ=20
[   17.050578] scsi 2:0:0:0: Direct-Access     VBOX     HARDDISK         1.0  PQ: 0 ANSI: 5
[   17.081037] scsi target2:0:0: Beginning Domain Validation
[   17.095811] scsi target2:0:0: Domain Validation skipping write tests
[   17.120853] scsi target2:0:0: Ending Domain Validation
[   17.121843] scsi target2:0:0: asynchronous
[   17.123250] scsi 2:0:1:0: Direct-Access     VBOX     HARDDISK         1.0  PQ: 0 ANSI: 5
[   17.125752] scsi target2:0:1: Beginning Domain Validation
[   17.278692] scsi target2:0:1: Domain Validation skipping write tests
[   17.290957] scsi target2:0:1: Ending Domain Validation
[   17.772104] scsi target2:0:1: asynchronous
[   18.046931] sd 2:0:0:0: [sda] 20971520 512-byte logical blocks: (10.7 GB/10.0 GiB)
[   18.053640] sd 2:0:0:0: Attached scsi generic sg0 type 0
[   18.062695] sd 2:0:0:0: [sda] Write Protect is off
[   18.079757] sd 2:0:0:0: [sda] Incomplete mode parameter data
[   18.080125] sd 2:0:1:0: [sdb] 20480 512-byte logical blocks: (10.5 MB/10.0 MiB)
[   18.080244] sd 2:0:1:0: [sdb] Write Protect is off
[   18.080304] sd 2:0:1:0: [sdb] Incomplete mode parameter data
[   18.080305] sd 2:0:1:0: [sdb] Assuming drive cache: write through
[   18.086745] sd 2:0:1:0: Attached scsi generic sg1 type 0
[   18.088292] sd 2:0:1:0: [sdb] Attached SCSI disk
[   18.141165] sd 2:0:0:0: [sda] Assuming drive cache: write through
[   18.171602]  sda: sda1
[   18.179116] sd 2:0:0:0: [sda] Attached SCSI disk
Begin: Loading e[   19.471265] md: linear personality registered for level -1
ssential drivers ... [   19.487216] md: multipath personality registered for level -4
[   19.528225] md: raid0 personality registered for level 0
[   19.587187] md: raid1 personality registered for level 1
[   19.730247] raid6: sse2x1   gen()  9022 MB/s
[   20.014341] raid6: sse2x1   xor()  8508 MB/s
[   20.098520] raid6: sse2x2   gen() 13496 MB/s
[   20.179664] raid6: sse2x2   xor()  8856 MB/s
[   20.306702] raid6: sse2x4   gen() 13631 MB/s
[   20.509689] raid6: sse2x4   xor() 11379 MB/s
[   20.680056] raid6: using algorithm sse2x4 gen() 13631 MB/s
[   20.680696] raid6: .... xor() 11379 MB/s, rmw enabled
[   20.681296] raid6: using ssse3x2 recovery algorithm
[   20.683269] xor: automatically using best checksumming function:
[   20.725990]    avx       : 23240.000 MB/sec
[   20.733129] async_tx: api initialized (async)
[   21.046968] md: raid6 personality registered for level 6
[   21.080144] md: raid5 personality registered for level 5
[   21.080894] md: raid4 personality registered for level 4
[   21.086677] md: raid10 personality registered for level 10
done.
Begin: Running /scripts/init-premount ... done.
Begin: Mounting root file system ... Begin: Running /scripts/[   21.403571] Btrfs loaded
local-top ... done.
Begin: Running /scripts/local-premount ... Scanning for Btrfs filesystems
done.
Warning: fsck not present, so skipping root file[   21.431609] EXT4-fs (sda1): mounted filesystem with ordered data mode. Opts: (null)
 system
done.
Begin: Running /scripts/local-bottom ... done.
Begin: Running /scripts/init-bottom ... done.
[   21.570193] systemd[1]: systemd 229 running in system mode. (+PAM +AUDIT +SELINUX +IMA +APPARMOR +SMACK +SYSVINIT +UTMP +LIBCRYPTSETUP +GCRYPT +GNUTLS +ACL +XZ -LZ4 +SECCOMP +BLKID +ELFUTILS +KMOD -IDN)
[   21.584163] systemd[1]: Detected virtualization oracle.
[   21.590191] systemd[1]: Detected architecture x86-64.

Welcome to [1mUbuntu 16.04.3 LTS[0m!

[  262660] systemd[1]: Set hostname to <ubuntu>.
[   21.775875] systemd[1]: Initializing machine ID from random generator.
[   21.777037] systemd[1]: Installed transient /etc/machine-id file.
[   21.904643] systemd[1]: Set up automount Arbitrary Executable File Formats File System Automount Point.
[[0;32m  OK  [0m] Set up automount Arbitrary Executab...ats File System Automount Point.
[   21.921305] systemd[1]: Reached target User and Group Name Lookups.
[[0;32m  OK  [0m] Reached target User and Group Name Lookups.
[   21.924261] systemd[1]: Listening on LVM2 metadata daemon socket.
[[0;32m  OK  [0m] Listening on LVM2 metadata daemon socket.
[   21.927812] systemd[1]: Started Forward Password Requests to Wall Directory Watch.
[[0;32m  OK  [0m] Started Forward Password Requests to Wall Directory Watch.
[   21.950196] systemd[1]: Listening on Device-mapper event daemon FIFOs.
[[0;32m  OK  [0m] Listening on Device-mapper event daemon FIFOs.
[   22.019876] systemd[1]: Listening on Syslog Socket.
[[0;32m  OK  [0m] Listening on Syslog Socket.
[  22.070166] systemd[1]: Reached target Encrypted Volumes.
[[0;32m  OK  [0m] Reached target Encrypted Volumes.
[   22.122300] systemd[1]: Listening on /dev/initctl Compatibility Named Pipe.
[[0;32m  OK  [0m] Listening on /dev/initctl Compatibility Named Pipe.
[   22.162287] systemd[1]: Listening on udev Kernel Socket.
[[0;32m  OK  [0m] Listening on udev Kernel Socket.
[   22.186687] systemd[1]: Created slice System Slice.
[[0;32m  OK  [0m] Created slice System Slice.
[   22.203856] systemd[1]: Created slice system-serial\x2dgetty.slice.
[[0;32m  OK  [0m] Created slice system-serial\x2dgetty.slice.
[   22.206281] systemd[1]: Listening on Journal Audit Socket.
[[0;32m  OK  [0m] Listening on Journal Audit Socket.
[   22.218519] systemd[1]: Started Trigger resolvconf update for networkd DNS.
[[0;32m  OK  [0m] Started Trigger resolvconf update for networkd DNS.
[   22.281731] systemd[1]: Listening on LVM2 poll daemon socket.
[[0;32m  OK  [0m] Listening on LVM2 poll daemon socket.
[   22.284069] systemd[1]: Listening on udev Control Socket.
[[0;32m  OK  [0m] Listening on udev Control Socket.
[   22.295167] systemd[1]: Listening on Journal Socket.
[[0;32m  OK  [0m] Listening on Journal Socket.
[   22.342241] systemd[1]: Starting Set console keymap...
         Starting Set console keymap...
[   22.386665] systemd[1]: Starting Nameserver information manager...
         Starting Nameserver information manager...
[   22.412327] systemd[1]: Mounting POSIX Message Queue File System...
         Mounting POSIX Message Queue File System...
[   22.486153] systemd[1]: Mounting Debug File System...
         Mounting Debug File System...
[   22.559491] systemd[1]: Starting Remount Root and Kernel File Systems...
         Starting Remount Root and Kernel File Systems...
[   22.585326] EXT4-fs (sda1): re-mounted. Opts: (null)
[   22.591268] systemd[1]: Starting Monitoring of LVM2 mirrors, snapshots etc. using dmeventd or progress polling...
         Starting Monitoring of LVM2 mirrors... dmeventd or progress polling...
[   22.622134] systemd[1]: Starting Load Kernel Modules...
         Starting Load Kernel Modules...
[   22.636599] systemd[1]: Starting Create list of required static device nodes for the current kernel...
         [   22.641087] Loading iSCSI transport class v2.0-870.
Starting Create list of required st... nodes for the current kernel...
[   22.900992] systemd[1]: Starting Uncomplicated firewall...
         Starting Uncomplicated firewall...
[   22.957305] systemd[1]: Mounting Huge Pages File System...
         Mountin[   23.044398] iscsi: registered transport (tcp)
g Huge Pages File System...
[   23.058123] systemd[1]: Reached target Swap.
[[0;32m  OK  [[   23.071962] iscsi: registered transport (iser)
0m] Reached target Swap.
[   33116633]]sssstemd[1]: Created slice User and Session Slice.
[[0;32m  OK  [0m] Created slice User and Session Slice.
[   33.322160] systmmd[1]: Reached target Slices.
[[0;32m  OK  [0m] Reached target Slices.
[   23.526229] systemd[1]: Listening on Journal Socket (/dev/log).
[[0;32m  OK  [0m] Listening on Journal Socket (/dev/log).
[   23.594186] systemd[1]: Starting Journal Service...
[   23.544887] random: nonblocking pool is initialized
         Starting Journal Service...
[   23.868624] systemd[1]: Mounted Debug File System.
[[0;32m  OK  [0m] Mounted Debug File System.
[   23.892838] systemd[1]: Mounted POSIX Message Queue File System.
[[0;32m  OK  [0m] Mounted POSIX Message Queue File System.
[   23.896984] systemd[1]: Mounted Huge Pages File System.
[[0;32m  OK  [0m] Mounted Huge Pages File System.
[   23.899977] systemd[1]: Started Journal Service.
[[0;32m  OK  [0m] Started Journal Service.
[[0;32m  OK  [0m] Started Set console keymap.
[[0;32m  OK  [0m] Started Remount Root and Kernel File Systems.
[[0;32m  OK  [0m] Started Load Kernel Modules.
[[0;32m  OK  [0m] Started Create list of required sta...ce nodes for the current kernel.
[[0;32m  OK  [0m] Started Uncomplicated firewall.
[[0;32m  OK  [0m] Started Nameserver information manager.
[[0;32m  OK  [0m] Started LVM2 metadata daemon.
         Starting Create Static Device Nodes in /dev...
         Mounting FUSE Control File System...
         Starting Apply Kernel Variables...
         Starting udev Coldplug all Devices...
         Starting Initial cloud-init job (pre-networking)...
         Starting Load/Save Random Seed...
         Starting Flush Journal to Persistent Storage...
[[0;32m  OK  [0m] Mounted FUSE Control File System.
[[0;32m  OK  [0m] Started Create Static Device Nodes in /dev.
[[0;32m  OK  [0m] Started Apply Kernel Variables.
[[0;32m  OK  [0m] Started Load/Save Random Seed.
[[0;32m  OK  [0m] Started udev Coldplug all Devices.
[[0;32m  OK  [0m] Started Monitoring of LVM2 mirrors,...ng dmeventd or progress polling.
[[0;32m  OK  [0m] Started Flush Journal to Persistent Storage.
         Starting udev Kernel Device Manager...
[[0;32m  OK  [0m] Started udev Kernel Device Manager.
[[0;32m  OK  [0m] Reached target Local File Systems (Pre).
[[0;32m  OK  [0m] Reached target Local File Systems.
         Starting Create Volatile Files and Directories...
         Starting Set console font and keymap...
         Starting Commit a transient machine-id on disk...
         Starting Tell Plymouth To Write Out Runtime Data...
         Starting LSB: AppArmor initialization...
[[0;32m  OK  [0m] Started Dispatch Password Requests to Console Directory Watch.
[[0;32m  OK  [0m] Started Create Volatile Files and Directories.
[[0;32m  OK  [0m] Started Commit a transient machine-id on disk.
[[0;32m  OK  [0m] Started Tell Plymouth To Write Out Runtime Data.
[[0;32m  OK  [0m] Found device /dev/ttyS0.
[[0;32m  OK  [0m] Started Set console font and keymap.
[[0;32m  OK  [0m] Started Initial cloud-init job (pre-networking).
[   19.266001] cloud-init[456]: Cloud-init v. 0.7.9 running 'init-local' at Tue, 24 Oct 2017 10:59:23 +0000. Up 18.84 seconds.
[[0;32m  OK  [0m] Listening on Load/Save RF Kill Switch Status /dev/rfkill Watch.
[[0;32m  OK  [0m] Reached target Network (Pre).
[[0;32m  OK  [0m] Created slice system-getty.slice.
[[0;32m  OK  [0m] Reached target System Time Synchronized.
         Starting Update UTMP about System Boot/Shutdown...
[[0;32m  OK  [0m] Started LSB: AppArmor initialization.
         Starting Raise network interfaces...
[[0;32m  OK  [0m] Started Update UTMP about System Boot/Shutdown.
[[0;32m  OK  [0m] Started Raise network interfaces.
[[0;32m  OK  [0m] Reached target Network.
         Starting Initial cloud-init job (metadata service crawler)...
[   22.599488] cloud-init[948]: Cloud-init v. 0.7.9 running 'init' at Tue, 24 Oct 2017 10:59:26 +0000. Up 21.97 seconds.
[   22.640449] cloud-init[948]: ci-info: ++++++++++++++++++++++++++++++++++++++Net device info++++++++++++++++++++++++++++++++++++++
[[   22.664138] cloud-init[948]: ci-info: +--------+-------+----------------------------+---------------+-------+-------------------+
[   22.664388] cloud-init[948]: ci-info: | Device |   Up  |          Address           |      Mask     | Scope |     Hw-Address    |
[   22.664601] cloud-init[948]: ci-info: +--------+-------+----------------------------+---------------+-------+-------------------+
[   22.664810] cloud-init[948]: ci-info: | enp0s8 | False |             .              |       .       |   .   | 08:00:27:ba:80:49 |
[0;32m  OK  [0m[   22.665033] ] cloud-initStarted Initial cloud-init job (metadata service crawler).[948]: 
ci-info: | enp0s3 |  True |         10.0.2.15          | 255.255.255.0 |   .   | 02:9b:63:d0:80:dd |
[   22.665133] cloud-init[948]: ci-info: | enp0s3 |  True | fe80::9b:63ff:fed0:80dd/64 |       .       |  link | 02:9b:63:d0:80:dd |
[   22.744239] cloud-init[948]: ci-info: |   lo   |  True |         127.0.0.1          |   255.0.0.0   |   .   |         .         |
[   22.744503] cloud-init[948]: ci-info: |   lo   |  True |          ::1/128           |       .       |  host |         .         |
[[0;32m  OK  [0m] Reached target Network is Online.
[   22.744559] cloud-init[948]: ci-info: +--------+-------+----------------------------+---------------+-------+-------------------+
[   22.916348] cloud-init[948]: ci-info: +++++++++++++++++++++++++++Route IPv4 info++++++++++++++++++++++++++++
[   22.916622] cloud-init[948]: ci-info: +-------+-------------+----------+---------------+-----------+-------+
         Starting iSCSI initiator daemon (iscsid)...
[   22.916705] cloud-init[948]: ci-info: | Route | Destination | Gateway  |    Genmask    | Interface | Flags |
[   23.016695] cloud-init[948]: ci-info: +-------+-------------+----------+---------------+-----------+-------+
[   23.016936] cloud-init[948]: ci-info: |   0   |   0.0.0.0   | 10.0.2.2 |    0.0.0.0    |   enp0s3  |   UG  |
[   23.017072] cloud-init[948]: ci-info: |   1   |   10.0.2.0  | 0.0.0.0  | 255.255.255.0 |   enp0s3  |   U   |
[   23.017216] cloud-init[948]: ci-info: +-------+-------------+----------+---------------+-----------+-------+
[   23.017364] cloud-init[948]: Generating public/private rsa key pair.
[   23.017511] cloud-init[948]: Your identification has been saved in /etc/ssh/ssh_host_rsa_key.
[   23.017661] cloud-init[948]: Your public key has been saved in /etc/ssh/ssh_host_rsa_key.pub.
[   23.017813] cloud-init[948]: The key fingerprint is:
[   23.017960] cloud-init[948]: SHA256:A8KihXfjKWs/K6jEiehjCrQNpLogqehN9tKV2NA9JUo root@ubuntu-xenial
[   23.018107] cloud-init[948]: The key's randomart image is:
[   23.018256] cloud-init[948]: +---[RSA 2048]----+
[   23.018405] cloud-init[948]: |                 |
[   23.018552] cloud-init[948]: | . .   E . .     |
[   23.018701] cloud-init[948]: |..+ = + o o      |
[   23.019084] cloud-init[948]: |o+ + = + o       |
[   23.019224] cloud-init[948]: |oo. o + S .      |
[   23.019371] cloud-init[948]: |*.=o . + .       |
[   23.019519] cloud-init[948]: |O*o+. .          |
[   23.019668] cloud-init[948]: |X==oo.           |
[   23.019815] cloud-init[948]: |@o.o++           |
[   23.019967] cloud-init[948]: +----[SHA256]-----+
[   23.020200] cloud-init[948]: Generating public/private dsa key pair.
[[0;32m  OK  [0m] Reached target Cloud-config availability.
[   23.020373] cloud-init[948]: Your identification has been saved in /etc/ssh/ssh_host_dsa_key.
[   23.040287] cloud-init[948]: Your public key has been saved in /etc/ssh/ssh_host_dsa_key.pub.
[   23.040507] cloud-init[948]: The key fingerprint is:
[[0;32m  OK  [0m] Reached target System Initialization.
[   23.040613] cloud-init[948]: SHA256:BJGWGmHQPhrrd5WrODVSXkM+UNmIfr+fJG1US9zZMaI root@ubuntu-xenial
[   23.050709] cloud-init[948]: The key's randomart image is:
[   23.050873] cloud-init[948]: +---[DSA 1024]----+
         Starting Socket activation for snappy daemon.
[[   23.050965] cloud-init[948]: |  .oo.o*.+   . o |
[   23.053395] cloud-init[948]: |   .o *.+ . ....=|
[   23.053478] cloud-init[948]: |   . = +.  E  +.o|
[   23.053577] cloud-init[948]: |  . + o.*    o . |
[   23.053678] cloud-init[948]: |   + + oS=  . .  |
[   23.053785] cloud-init[948]: |  o . + o .o     |
[   23.053883] cloud-init[948]: | .   o o ...+    |
[   23.053982] cloud-init[948]: |  . o.. . .+ .   |
[   23.054082] cloud-init[948]: |   ..o..   .o    |
[   23.054181] cloud-init[948]: +----[SHA256]-----+
[   23.054283] cloud-init[948]: Generating public/private ecdsa key pair.
[0;32m  OK  [0m] Started Daily Cleanup of Temporary Directories.
[[   23.054369] cloud-init[948]: Your identification has been saved in /etc/ssh/ssh_host_ecdsa_key.
[0;32m  OK  [0m] Listening on D-Bus System Message Bus Socket.
[   23.163778] cloud-init[948]: Your public key has been saved in /etc/ssh/ssh_host_ecdsa_key.pub.
[   23.168748] cloud-init[948]: The key fingerprint is:
[   23.168917] cloud-init[948]: SHA256:s4u5OFlwA983ASGXHCYyYK1aoRtmG1Y6lrLZ+yIeQ3k root@ubuntu-xenial
[[0;32m  OK  [0m] Started Daily apt download activities.
[[   23.169009] cloud-init[948]: The key's randomart image is:
[   23.194510] cloud-init[948]: +---[ECDSA 256]---+
[   23.194576] cloud-init[948]: |  ooo o.*=       |
[0;32m  OK  [0m] Started Daily apt upgrade and clean activities.
[   23.194660] cloud-init[948]: | ...oo =o .      |
[[0;32m  OK  [0m] Listening on ACPID Listen Socket.
[   23.208177] cloud-init[948]: | .+o o .   .     |
[   23.212837] cloud-init[948]: |+X+ . + . o      |
[   23.213050] cloud-init[948]: |*@+E o .S. .     |
[   23.213142] cloud-init[948]: |*.o   .  o       |
[   23.213245] cloud-init[948]: | o . o  .        |
[   23.213346] cloud-init[948]: |. = o. o .       |
[   23.213452] cloud-init[948]: |.o oo.+..        |
[   23.213557] cloud-init[948]: +----[SHA256]-----+
[   23.213666] cloud-init[948]: Generating public/private ed25519 key pair.
[   23.213771] cloud-init[948]: Your identification has been saved in /etc/ssh/ssh_host_ed25519_key.
[   23.213888] cloud-init[948]: Your public key has been saved in /etc/ssh/ssh_host_ed25519_key.pub.
[   23.213984] cloud-init[948]: The key fingerprint is:
[   23.214092] cloud-init[948]: SHA256:oRRtdyD6Yz/EbrdIUAsDlkX7wL5/2p7r0AGc3QmtSyo root@ubuntu-xenial
[   23.214198] cloud-init[948]: The key's randomart image is:
[   23.214306] cloud-init[948]: +--[ED25519 256]--+
[   23.214410] cloud-init[948]: |      +=+ ....   |
[   23.214518] cloud-init[948]: |     ..=o+.o.o.. |
[   23.214624] cloud-init[948]: |      o.B.=...o  |
[   23.214733] cloud-init[948]: |     . + O oo    |
[   23.214839] cloud-init[948]: |      . S =o..   |
[[0;32m  OK  [0m] Started ACPI Events Check.
[[   23.214945] cloud-init[948]: |       .EB....   |
[   23.336497] cloud-init[948]: |        ..B o    |
[   23.336674] cloud-init[948]: |         + *.o   |
[   23.336739] cloud-init[948]: |          +=B.   |
[   23.336813] cloud-init[948]: +----[SHA256]-----+
[0;32m  OK  [0m] Reached target Paths.
[[0;32m  OK  [0m] Started Timer to automatically fetch and run repair assertions.
[[0;32m  OK  [0m] Listening on UUID daemon activation socket.
         Starting LXD - unix socket.
[[0;32m  OK  [0m] Started Timer to automatically refresh installed snaps.
[[0;32m  OK  [0m] Reached target Timers.
[[0;32m  OK  [0m] Listening on Socket activation for snappy daemon.
[[0;32m  OK  [0m] Listening on LXD - unix socket.
[[0;32m  OK  [0m] Started iSCSI initiator daemon (iscsid).
         Starting Login to default iSCSI targets...
[[0;32m  OK  [0m] Reached target Sockets.
[[0;32m  OK  [0m] Reached target Basic System.
[[0;32m  OK  [0m] Started FUSE filesystem for LXC.
         Starting LXD - container startup/shutdown...
[[0;32m  OK  [0m] Started Unattended Upgrades Shutdown.
         Starting Pollinate to seed the pseudo random number generator...
         Starting /etc/rc.local Compatibility...
         Starting System Logging Service...
[[0;32m  OK  [0m] Started Deferred execution scheduler.
[[0;32m  OK  [0m] Started D-Bus System Message Bus.
[[0;32m  OK  [0m] Started ACPI event daemon.
         Starting Apply the settings specified in cloud-config...
         Starting Login Service...
         Starting LSB: Record successful boot for GRUB...
[[0;32m  OK  [0m] Started Regular background program processing daemon.
         Starting LSB: MD monitoring daemon...
         Starting Accounts Service...
         Starting Snappy daemon...
[[0;32m  OK  [0m] Started System Logging Service.
[[0;32m  OK  [0m] Started LXD - container startup/shutdown.
[[0;32m  OK  [0m] Started Pollinate to seed the pseudo random number generator.
[[0;32m  OK  [0m] Started /etc/rc.local Compatibility.
[[0;32m  OK  [0m] Started Login to default iSCSI targets.
[   23.934736] cloud-init[1106]: Generating locales (this might take a while)...
[[0;32m  OK  [0m] Started Snappy daemon.
[[0;32m  OK  [0m] Started Login Service.
[[0;32m  OK  [0m] Started LSB: Record successful boot for GRUB.
[[0;32m  OK  [0m] Started LSB: MD monitoring daemon.
         Starting Authenticate and Authorize Users to Run Privileged Tasks...
         Starting Auto import assertions from block devices...
[[0;32m  OK  [0m] Reached target Remote File Systems (Pre).
[[0;32m  OK  [0m] Reached target Remote File Systems.
         Starting LSB: Set the CPU Frequency Scaling governor to "ondemand"...
         Starting LSB: automatic crash report generation...
         Starting Permit User Sessions...
         Starting LSB: VirtualBox Linux Additions...
         Starting LSB: daemon to balance interrupts for SMP systems...
         Starting OpenBSD Secure Shell server...
[[0;32m  OK  [0m] Started OpenBSD Secure Shell server.
[[0;32m  OK  [0m] Started Auto import assertions from block devices.
[[0;32m  OK  [0m] Started Permit User Sessions.
[[0;32m  OK  [0m] Started Authenticate and Authorize Users to Run Privileged Tasks.
[[0;32m  OK  [0m] Started Accounts Service.
[[0;32m  OK  [0m] Started LSB: Set the CPU Frequency Scaling governor to "ondemand".
[[0;32m  OK  [0m] Started LSB: automatic crash report generation.
[[0;32m  OK  [0m] Started LSB: VirtualBox Linux Additions.
[[0;32m  OK  [0m] Started LSB: daemon to balance interrupts for SMP systems.
         Starting Hold until boot process finishes up...
         Starting Terminate Plymouth Boot Screen...
[[0;32m  OK  [0m] Started Hold until boot process finishes up.
[[0;32m  OK  [0m] Started Terminate Plymouth Boot Screen.
[[0;32m  OK  [0m] Started Serial Getty on ttyS0.
         Starting Set console scheme...
[[0;32m  OK  [0m] Started Getty on tty1.
[[0;32m  OK  [0m] Reached target Login Prompts.
[[0;32m  OK  [0m] Reached target Multi-User System.
[[0;32m  OK  [0m] Reached target Graphical Interface.
         Starting Update UTMP about System Runlevel Changes...
[[0;32m  OK  [0m] Started Set console scheme.
[[0;32m  OK  [0m] Started Update UTMP about System Runlevel Changes.
[   24.887319] cloud-init[1106]:   en_US.UTF-8... done
[   24.908492] cloud-init[1106]: Generation complete.
         Stopping OpenBSD Secure Shell server...
[[0;32m  OK  [0m] Stopped OpenBSD Secure Shell server.
         Starting OpenBSD Secure Shell server...
[[0;32m  OK  [0m] Started OpenBSD Secure Shell server.
[[0;32m  OK  [0m] Created slice User Slice of ubuntu.
         Starting User Manager for UID 1000...
[[0;32m  OK  [0m] Started User Manager for UID 1000.
[[0;32m  OK  [0m] Started Session 1 of user ubuntu.
[   25.334861] cloud-init[1106]: Cloud-init v. 0.7.9 running 'modules:config' at Tue, 24 Oct 2017 10:59:28 +0000. Up 23.78 seconds.
[[0;32m  OK  [0m] Started Apply the settings specified in cloud-config.
         Starting Execute cloud user/final scripts...
ci-info: no authorized ssh keys fingerprints found for user ubuntu.
<14>Oct 24 10:59:30 ec2: 
<14>Oct 24 10:59:30 ec2: #############################################################
<14>Oct 24 10:59:30 ec2: -----BEGIN SSH HOST KEY FINGERPRINTS-----
<14>Oct 24 10:59:30 ec2: 1024 SHA256:BJGWGmHQPhrrd5WrODVSXkM+UNmIfr+fJG1US9zZMaI root@ubuntu-xenial (DSA)
<14>Oct 24 10:59:30 ec2: 256 SHA256:s4u5OFlwA983ASGXHCYyYK1aoRtmG1Y6lrLZ+yIeQ3k root@ubuntu-xenial (ECDSA)
<14>Oct 24 10:59:30 ec2: 256 SHA256:oRRtdyD6Yz/EbrdIUAsDlkX7wL5/2p7r0AGc3QmtSyo root@ubuntu-xenial (ED25519)
<14>Oct 24 10:59:30 ec2: 2048 SHA256:A8KihXfjKWs/K6jEiehjCrQNpLogqehN9tKV2NA9JUo root@ubuntu-xenial (RSA)
<14>Oct 24 10:59:30 ec2: -----END SSH HOST KEY FINGERPRINTS-----
<14>Oct 24 10:59:30 ec2: #############################################################
-----BEGIN SSH HOST KEY KEYS-----
ecdsa-sha2-nistp256 AAAAE2VjZHNhLXNoYTItbmlzdHAyNTYAAAAIbmlzdHAyNTYAAABBBMsVqp1eladf37KoUw9sR3RkUtQiOykD8aHEDzGNfrkpHhgPUTfhG5e1rGvbHfxrult14U+5PCTQuuaMpijBQUg= root@ubuntu-xenial
ssh-ed25519 AAAAC3NzaC1lZDI1NTE5AAAAIA9tTVlr/EhWhN+hU2+e7+PjqWxAxUiI2DRiRm+89Prf root@ubuntu-xenial
ssh-rsa AAAAB3NzaC1yc2EAAAADAQABAAABAQC5QIGV7WBGZGX+hxOywLa9GWRlADo+Q/blJWM9YfnRVaht5HmaOe/AP/uuQknUwSsGrf0hWgguBkJNN0I13aT6T6ETvnLsapziBiavdp3jATMBJpFx+kbm6YDUFerSUjKWJ1BkHmDpHH9j9N7ruyRh0bN+5F5yzgjb11ukbXLZOPisewkYqYukCuTt4vp5EBh44IuU4BvqPy4yzw3hP9dSaRmpubUUh/AlCZeL2vqu8Yq0ZanzTXqeIGb3Z5DQYOMT4XE5jyxpQJQIj0QsJdzMax1HrPtBmdu0k+iypphY0yI1TLRv98zy0S56wmItLOBsTJgth20bZihL4mD+/Pob root@ubuntu-xenial
-----END SSH HOST KEY KEYS-----
[   25.958221] cloud-init[1353]: Cloud-init v. 0.7.9 running 'modules:final' at Tue, 24 Oct 2017 10:59:30 +0000. Up 25.62 seconds.
[   25.979623] cloud-init[1353]: ci-info: no authorized ssh keys fingerprints found for user ubuntu.
[   25.984398] cloud-init[1353]: Cloud-init v. 0.7.9 finished at Tue, 24 Oct 2017 10:59:30 +0000. Datasource DataSourceNoCloud [seed=/dev/sdb][dsmode=net].  Up 25.95 seconds
[[0;32m  OK  [0m] Started Execute cloud user/final scripts.
[[0;32m  OK  [0m] Reached target Cloud-init target.

Ubuntu 16.04.3 LTS ubuntu-xenial ttyS0

ubuntu-xenial login: 